2024-07-09T09:43:02.619+02:00  INFO 11464 --- [projectSBjdbc] [restartedMain] c.b.sbjdbc.ProjectSBjdbcApplication      : Starting ProjectSBjdbcApplication using Java 17.0.11 with PID 11464 (C:\Users\Betacom\eclipse-workspace\projectSBjdbc\target\classes started by Betacom in C:\Users\Betacom\eclipse-workspace\projectSBjdbc)
2024-07-09T09:43:02.623+02:00 DEBUG 11464 --- [projectSBjdbc] [restartedMain] c.b.sbjdbc.ProjectSBjdbcApplication      : Running with Spring Boot v3.2.7, Spring v6.1.10
2024-07-09T09:43:02.627+02:00  INFO 11464 --- [projectSBjdbc] [restartedMain] c.b.sbjdbc.ProjectSBjdbcApplication      : No active profile set, falling back to 1 default profile: "default"
2024-07-09T09:43:02.728+02:00  INFO 11464 --- [projectSBjdbc] [restartedMain] .e.DevToolsPropertyDefaultsPostProcessor : Devtools property defaults active! Set 'spring.devtools.add-properties' to 'false' to disable
2024-07-09T09:43:03.739+02:00  INFO 11464 --- [projectSBjdbc] [restartedMain] .s.d.r.c.RepositoryConfigurationDelegate : Bootstrapping Spring Data JDBC repositories in DEFAULT mode.
2024-07-09T09:43:03.788+02:00  INFO 11464 --- [projectSBjdbc] [restartedMain] .s.d.r.c.RepositoryConfigurationDelegate : Finished Spring Data repository scanning in 35 ms. Found 0 JDBC repository interfaces.
2024-07-09T09:43:04.781+02:00  INFO 11464 --- [projectSBjdbc] [restartedMain] com.zaxxer.hikari.HikariDataSource       : HikariPool-1 - Starting...
2024-07-09T09:43:05.801+02:00  INFO 11464 --- [projectSBjdbc] [restartedMain] com.zaxxer.hikari.pool.HikariPool        : HikariPool-1 - Added connection com.mysql.cj.jdbc.ConnectionImpl@4b4ff99f
2024-07-09T09:43:05.809+02:00  INFO 11464 --- [projectSBjdbc] [restartedMain] com.zaxxer.hikari.HikariDataSource       : HikariPool-1 - Start completed.
2024-07-09T09:43:07.081+02:00  INFO 11464 --- [projectSBjdbc] [restartedMain] o.s.b.d.a.OptionalLiveReloadServer       : LiveReload server is running on port 35729
2024-07-09T09:43:07.174+02:00  INFO 11464 --- [projectSBjdbc] [restartedMain] c.b.sbjdbc.ProjectSBjdbcApplication      : Started ProjectSBjdbcApplication in 5.686 seconds (process running for 6.654)
2024-07-09T09:43:07.227+02:00  INFO 11464 --- [projectSBjdbc] [SpringApplicationShutdownHook] com.zaxxer.hikari.HikariDataSource       : HikariPool-1 - Shutdown initiated...
2024-07-09T09:43:07.267+02:00  INFO 11464 --- [projectSBjdbc] [SpringApplicationShutdownHook] com.zaxxer.hikari.HikariDataSource       : HikariPool-1 - Shutdown completed.
2024-07-09T10:31:30.304+02:00  INFO 4072 --- [projectSBjdbc] [restartedMain] c.b.sbjdbc.ProjectSBjdbcApplication      : Starting ProjectSBjdbcApplication using Java 17.0.11 with PID 4072 (C:\Users\Betacom\eclipse-workspace\projectSBjdbc\target\classes started by Betacom in C:\Users\Betacom\eclipse-workspace\projectSBjdbc)
2024-07-09T10:31:30.308+02:00 DEBUG 4072 --- [projectSBjdbc] [restartedMain] c.b.sbjdbc.ProjectSBjdbcApplication      : Running with Spring Boot v3.2.7, Spring v6.1.10
2024-07-09T10:31:30.310+02:00  INFO 4072 --- [projectSBjdbc] [restartedMain] c.b.sbjdbc.ProjectSBjdbcApplication      : No active profile set, falling back to 1 default profile: "default"
2024-07-09T10:31:30.435+02:00  INFO 4072 --- [projectSBjdbc] [restartedMain] .e.DevToolsPropertyDefaultsPostProcessor : Devtools property defaults active! Set 'spring.devtools.add-properties' to 'false' to disable
2024-07-09T10:31:31.755+02:00  INFO 4072 --- [projectSBjdbc] [restartedMain] .s.d.r.c.RepositoryConfigurationDelegate : Bootstrapping Spring Data JDBC repositories in DEFAULT mode.
2024-07-09T10:31:31.797+02:00  INFO 4072 --- [projectSBjdbc] [restartedMain] .s.d.r.c.RepositoryConfigurationDelegate : Finished Spring Data repository scanning in 28 ms. Found 0 JDBC repository interfaces.
2024-07-09T10:31:33.186+02:00  INFO 4072 --- [projectSBjdbc] [restartedMain] com.zaxxer.hikari.HikariDataSource       : HikariPool-1 - Starting...
2024-07-09T10:31:34.095+02:00  INFO 4072 --- [projectSBjdbc] [restartedMain] com.zaxxer.hikari.pool.HikariPool        : HikariPool-1 - Added connection com.mysql.cj.jdbc.ConnectionImpl@3cc782
2024-07-09T10:31:34.099+02:00  INFO 4072 --- [projectSBjdbc] [restartedMain] com.zaxxer.hikari.HikariDataSource       : HikariPool-1 - Start completed.
2024-07-09T10:31:35.004+02:00  INFO 4072 --- [projectSBjdbc] [restartedMain] o.s.b.d.a.OptionalLiveReloadServer       : LiveReload server is running on port 35729
2024-07-09T10:31:35.080+02:00  INFO 4072 --- [projectSBjdbc] [restartedMain] c.b.sbjdbc.ProjectSBjdbcApplication      : Started ProjectSBjdbcApplication in 5.692 seconds (process running for 6.76)
2024-07-09T10:31:35.252+02:00  INFO 4072 --- [projectSBjdbc] [SpringApplicationShutdownHook] com.zaxxer.hikari.HikariDataSource       : HikariPool-1 - Shutdown initiated...
2024-07-09T10:31:35.276+02:00  INFO 4072 --- [projectSBjdbc] [SpringApplicationShutdownHook] com.zaxxer.hikari.HikariDataSource       : HikariPool-1 - Shutdown completed.
2024-07-09T11:31:58.377+02:00  INFO 7084 --- [projectSBjdbc] [restartedMain] c.b.sbjdbc.ProjectSBjdbcApplication      : Starting ProjectSBjdbcApplication using Java 17.0.11 with PID 7084 (C:\Users\Betacom\eclipse-workspace\projectSBjdbc\target\classes started by Betacom in C:\Users\Betacom\eclipse-workspace\projectSBjdbc)
2024-07-09T11:31:58.384+02:00 DEBUG 7084 --- [projectSBjdbc] [restartedMain] c.b.sbjdbc.ProjectSBjdbcApplication      : Running with Spring Boot v3.2.7, Spring v6.1.10
2024-07-09T11:31:58.404+02:00  INFO 7084 --- [projectSBjdbc] [restartedMain] c.b.sbjdbc.ProjectSBjdbcApplication      : No active profile set, falling back to 1 default profile: "default"
2024-07-09T11:31:58.748+02:00  INFO 7084 --- [projectSBjdbc] [restartedMain] .e.DevToolsPropertyDefaultsPostProcessor : Devtools property defaults active! Set 'spring.devtools.add-properties' to 'false' to disable
2024-07-09T11:32:00.162+02:00  INFO 7084 --- [projectSBjdbc] [restartedMain] .s.d.r.c.RepositoryConfigurationDelegate : Bootstrapping Spring Data JDBC repositories in DEFAULT mode.
2024-07-09T11:32:00.215+02:00  INFO 7084 --- [projectSBjdbc] [restartedMain] .s.d.r.c.RepositoryConfigurationDelegate : Finished Spring Data repository scanning in 32 ms. Found 0 JDBC repository interfaces.
2024-07-09T11:32:01.274+02:00  INFO 7084 --- [projectSBjdbc] [restartedMain] com.zaxxer.hikari.HikariDataSource       : HikariPool-1 - Starting...
2024-07-09T11:32:02.152+02:00  INFO 7084 --- [projectSBjdbc] [restartedMain] com.zaxxer.hikari.pool.HikariPool        : HikariPool-1 - Added connection com.mysql.cj.jdbc.ConnectionImpl@4bf62041
2024-07-09T11:32:02.158+02:00  INFO 7084 --- [projectSBjdbc] [restartedMain] com.zaxxer.hikari.HikariDataSource       : HikariPool-1 - Start completed.
2024-07-09T11:32:03.101+02:00  INFO 7084 --- [projectSBjdbc] [restartedMain] o.s.b.d.a.OptionalLiveReloadServer       : LiveReload server is running on port 35729
2024-07-09T11:32:03.193+02:00  INFO 7084 --- [projectSBjdbc] [restartedMain] c.b.sbjdbc.ProjectSBjdbcApplication      : Started ProjectSBjdbcApplication in 5.869 seconds (process running for 6.863)
2024-07-09T11:32:03.400+02:00  INFO 7084 --- [projectSBjdbc] [SpringApplicationShutdownHook] com.zaxxer.hikari.HikariDataSource       : HikariPool-1 - Shutdown initiated...
2024-07-09T11:32:03.475+02:00  INFO 7084 --- [projectSBjdbc] [SpringApplicationShutdownHook] com.zaxxer.hikari.HikariDataSource       : HikariPool-1 - Shutdown completed.
2024-07-09T12:03:48.993+02:00  INFO 9132 --- [projectSBjdbc] [restartedMain] c.b.sbjdbc.ProjectSBjdbcApplication      : Starting ProjectSBjdbcApplication using Java 17.0.11 with PID 9132 (C:\Users\Betacom\eclipse-workspace\projectSBjdbc\target\classes started by Betacom in C:\Users\Betacom\eclipse-workspace\projectSBjdbc)
2024-07-09T12:03:49.058+02:00 DEBUG 9132 --- [projectSBjdbc] [restartedMain] c.b.sbjdbc.ProjectSBjdbcApplication      : Running with Spring Boot v3.2.7, Spring v6.1.10
2024-07-09T12:03:49.065+02:00  INFO 9132 --- [projectSBjdbc] [restartedMain] c.b.sbjdbc.ProjectSBjdbcApplication      : No active profile set, falling back to 1 default profile: "default"
2024-07-09T12:03:49.178+02:00  INFO 9132 --- [projectSBjdbc] [restartedMain] .e.DevToolsPropertyDefaultsPostProcessor : Devtools property defaults active! Set 'spring.devtools.add-properties' to 'false' to disable
2024-07-09T12:03:50.379+02:00  INFO 9132 --- [projectSBjdbc] [restartedMain] .s.d.r.c.RepositoryConfigurationDelegate : Bootstrapping Spring Data JDBC repositories in DEFAULT mode.
2024-07-09T12:03:50.421+02:00  INFO 9132 --- [projectSBjdbc] [restartedMain] .s.d.r.c.RepositoryConfigurationDelegate : Finished Spring Data repository scanning in 30 ms. Found 0 JDBC repository interfaces.
2024-07-09T12:03:51.564+02:00  INFO 9132 --- [projectSBjdbc] [restartedMain] com.zaxxer.hikari.HikariDataSource       : HikariPool-1 - Starting...
2024-07-09T12:03:52.356+02:00  INFO 9132 --- [projectSBjdbc] [restartedMain] com.zaxxer.hikari.pool.HikariPool        : HikariPool-1 - Added connection com.mysql.cj.jdbc.ConnectionImpl@5215f79d
2024-07-09T12:03:52.360+02:00  INFO 9132 --- [projectSBjdbc] [restartedMain] com.zaxxer.hikari.HikariDataSource       : HikariPool-1 - Start completed.
2024-07-09T12:03:53.194+02:00  INFO 9132 --- [projectSBjdbc] [restartedMain] o.s.b.d.a.OptionalLiveReloadServer       : LiveReload server is running on port 35729
2024-07-09T12:03:53.275+02:00  INFO 9132 --- [projectSBjdbc] [restartedMain] c.b.sbjdbc.ProjectSBjdbcApplication      : Started ProjectSBjdbcApplication in 5.259 seconds (process running for 6.301)
2024-07-09T12:03:53.448+02:00  INFO 9132 --- [projectSBjdbc] [SpringApplicationShutdownHook] com.zaxxer.hikari.HikariDataSource       : HikariPool-1 - Shutdown initiated...
2024-07-09T12:03:53.484+02:00  INFO 9132 --- [projectSBjdbc] [SpringApplicationShutdownHook] com.zaxxer.hikari.HikariDataSource       : HikariPool-1 - Shutdown completed.
2024-07-09T12:13:08.432+02:00  INFO 364 --- [projectSBjdbc] [restartedMain] c.b.sbjdbc.ProjectSBjdbcApplication      : Starting ProjectSBjdbcApplication using Java 17.0.11 with PID 364 (C:\Users\Betacom\eclipse-workspace\projectSBjdbc\target\classes started by Betacom in C:\Users\Betacom\eclipse-workspace\projectSBjdbc)
2024-07-09T12:13:08.441+02:00 DEBUG 364 --- [projectSBjdbc] [restartedMain] c.b.sbjdbc.ProjectSBjdbcApplication      : Running with Spring Boot v3.2.7, Spring v6.1.10
2024-07-09T12:13:08.443+02:00  INFO 364 --- [projectSBjdbc] [restartedMain] c.b.sbjdbc.ProjectSBjdbcApplication      : No active profile set, falling back to 1 default profile: "default"
2024-07-09T12:13:08.661+02:00  INFO 364 --- [projectSBjdbc] [restartedMain] .e.DevToolsPropertyDefaultsPostProcessor : Devtools property defaults active! Set 'spring.devtools.add-properties' to 'false' to disable
2024-07-09T12:13:09.868+02:00  INFO 364 --- [projectSBjdbc] [restartedMain] .s.d.r.c.RepositoryConfigurationDelegate : Bootstrapping Spring Data JDBC repositories in DEFAULT mode.
2024-07-09T12:13:09.908+02:00  INFO 364 --- [projectSBjdbc] [restartedMain] .s.d.r.c.RepositoryConfigurationDelegate : Finished Spring Data repository scanning in 26 ms. Found 0 JDBC repository interfaces.
2024-07-09T12:13:11.026+02:00  INFO 364 --- [projectSBjdbc] [restartedMain] com.zaxxer.hikari.HikariDataSource       : HikariPool-1 - Starting...
2024-07-09T12:13:11.914+02:00  INFO 364 --- [projectSBjdbc] [restartedMain] com.zaxxer.hikari.pool.HikariPool        : HikariPool-1 - Added connection com.mysql.cj.jdbc.ConnectionImpl@6f06cfad
2024-07-09T12:13:11.920+02:00  INFO 364 --- [projectSBjdbc] [restartedMain] com.zaxxer.hikari.HikariDataSource       : HikariPool-1 - Start completed.
2024-07-09T12:13:12.897+02:00  INFO 364 --- [projectSBjdbc] [restartedMain] o.s.b.d.a.OptionalLiveReloadServer       : LiveReload server is running on port 35729
2024-07-09T12:13:12.990+02:00  INFO 364 --- [projectSBjdbc] [restartedMain] c.b.sbjdbc.ProjectSBjdbcApplication      : Started ProjectSBjdbcApplication in 5.462 seconds (process running for 6.456)
2024-07-09T12:13:13.239+02:00  INFO 364 --- [projectSBjdbc] [SpringApplicationShutdownHook] com.zaxxer.hikari.HikariDataSource       : HikariPool-1 - Shutdown initiated...
2024-07-09T12:13:13.278+02:00  INFO 364 --- [projectSBjdbc] [SpringApplicationShutdownHook] com.zaxxer.hikari.HikariDataSource       : HikariPool-1 - Shutdown completed.
2024-07-09T12:15:36.572+02:00  INFO 2228 --- [projectSBjdbc] [restartedMain] c.b.sbjdbc.ProjectSBjdbcApplication      : Starting ProjectSBjdbcApplication using Java 17.0.11 with PID 2228 (C:\Users\Betacom\eclipse-workspace\projectSBjdbc\target\classes started by Betacom in C:\Users\Betacom\eclipse-workspace\projectSBjdbc)
2024-07-09T12:15:36.580+02:00 DEBUG 2228 --- [projectSBjdbc] [restartedMain] c.b.sbjdbc.ProjectSBjdbcApplication      : Running with Spring Boot v3.2.7, Spring v6.1.10
2024-07-09T12:15:36.583+02:00  INFO 2228 --- [projectSBjdbc] [restartedMain] c.b.sbjdbc.ProjectSBjdbcApplication      : No active profile set, falling back to 1 default profile: "default"
2024-07-09T12:15:36.681+02:00  INFO 2228 --- [projectSBjdbc] [restartedMain] .e.DevToolsPropertyDefaultsPostProcessor : Devtools property defaults active! Set 'spring.devtools.add-properties' to 'false' to disable
2024-07-09T12:15:37.829+02:00  INFO 2228 --- [projectSBjdbc] [restartedMain] .s.d.r.c.RepositoryConfigurationDelegate : Bootstrapping Spring Data JDBC repositories in DEFAULT mode.
2024-07-09T12:15:37.872+02:00  INFO 2228 --- [projectSBjdbc] [restartedMain] .s.d.r.c.RepositoryConfigurationDelegate : Finished Spring Data repository scanning in 29 ms. Found 0 JDBC repository interfaces.
2024-07-09T12:15:38.883+02:00  INFO 2228 --- [projectSBjdbc] [restartedMain] com.zaxxer.hikari.HikariDataSource       : HikariPool-1 - Starting...
2024-07-09T12:15:39.649+02:00  INFO 2228 --- [projectSBjdbc] [restartedMain] com.zaxxer.hikari.pool.HikariPool        : HikariPool-1 - Added connection com.mysql.cj.jdbc.ConnectionImpl@1e5d6bba
2024-07-09T12:15:39.652+02:00  INFO 2228 --- [projectSBjdbc] [restartedMain] com.zaxxer.hikari.HikariDataSource       : HikariPool-1 - Start completed.
2024-07-09T12:15:40.578+02:00  INFO 2228 --- [projectSBjdbc] [restartedMain] o.s.b.d.a.OptionalLiveReloadServer       : LiveReload server is running on port 35729
2024-07-09T12:15:40.665+02:00  INFO 2228 --- [projectSBjdbc] [restartedMain] c.b.sbjdbc.ProjectSBjdbcApplication      : Started ProjectSBjdbcApplication in 4.893 seconds (process running for 5.736)
2024-07-09T12:15:40.978+02:00  INFO 2228 --- [projectSBjdbc] [SpringApplicationShutdownHook] com.zaxxer.hikari.HikariDataSource       : HikariPool-1 - Shutdown initiated...
2024-07-09T12:15:41.018+02:00  INFO 2228 --- [projectSBjdbc] [SpringApplicationShutdownHook] com.zaxxer.hikari.HikariDataSource       : HikariPool-1 - Shutdown completed.
2024-07-09T12:19:04.703+02:00  INFO 13032 --- [projectSBjdbc] [restartedMain] c.b.sbjdbc.ProjectSBjdbcApplication      : Starting ProjectSBjdbcApplication using Java 17.0.11 with PID 13032 (C:\Users\Betacom\eclipse-workspace\projectSBjdbc\target\classes started by Betacom in C:\Users\Betacom\eclipse-workspace\projectSBjdbc)
2024-07-09T12:19:04.708+02:00 DEBUG 13032 --- [projectSBjdbc] [restartedMain] c.b.sbjdbc.ProjectSBjdbcApplication      : Running with Spring Boot v3.2.7, Spring v6.1.10
2024-07-09T12:19:04.713+02:00  INFO 13032 --- [projectSBjdbc] [restartedMain] c.b.sbjdbc.ProjectSBjdbcApplication      : No active profile set, falling back to 1 default profile: "default"
2024-07-09T12:19:04.821+02:00  INFO 13032 --- [projectSBjdbc] [restartedMain] .e.DevToolsPropertyDefaultsPostProcessor : Devtools property defaults active! Set 'spring.devtools.add-properties' to 'false' to disable
2024-07-09T12:19:05.817+02:00  INFO 13032 --- [projectSBjdbc] [restartedMain] .s.d.r.c.RepositoryConfigurationDelegate : Bootstrapping Spring Data JDBC repositories in DEFAULT mode.
2024-07-09T12:19:05.849+02:00  INFO 13032 --- [projectSBjdbc] [restartedMain] .s.d.r.c.RepositoryConfigurationDelegate : Finished Spring Data repository scanning in 23 ms. Found 0 JDBC repository interfaces.
2024-07-09T12:19:07.388+02:00  INFO 13032 --- [projectSBjdbc] [restartedMain] com.zaxxer.hikari.HikariDataSource       : HikariPool-1 - Starting...
2024-07-09T12:19:08.354+02:00  INFO 13032 --- [projectSBjdbc] [restartedMain] com.zaxxer.hikari.pool.HikariPool        : HikariPool-1 - Added connection com.mysql.cj.jdbc.ConnectionImpl@1a9e4507
2024-07-09T12:19:08.359+02:00  INFO 13032 --- [projectSBjdbc] [restartedMain] com.zaxxer.hikari.HikariDataSource       : HikariPool-1 - Start completed.
2024-07-09T12:19:09.208+02:00  INFO 13032 --- [projectSBjdbc] [restartedMain] o.s.b.d.a.OptionalLiveReloadServer       : LiveReload server is running on port 35729
2024-07-09T12:19:09.288+02:00  INFO 13032 --- [projectSBjdbc] [restartedMain] c.b.sbjdbc.ProjectSBjdbcApplication      : Started ProjectSBjdbcApplication in 5.473 seconds (process running for 6.43)
2024-07-09T12:19:09.666+02:00  INFO 13032 --- [projectSBjdbc] [restartedMain] .s.b.a.l.ConditionEvaluationReportLogger : 

Error starting ApplicationContext. To display the condition evaluation report re-run your application with 'debug' enabled.
2024-07-09T12:19:09.705+02:00 ERROR 13032 --- [projectSBjdbc] [restartedMain] o.s.boot.SpringApplication               : Application run failed

org.springframework.jdbc.BadSqlGrammarException: PreparedStatementCallback; bad SQL grammar [insert into xxx(nome_ufficio) vlaues(?)]
	at org.springframework.jdbc.support.SQLExceptionSubclassTranslator.doTranslate(SQLExceptionSubclassTranslator.java:103) ~[spring-jdbc-6.1.10.jar:6.1.10]
	at org.springframework.jdbc.support.AbstractFallbackSQLExceptionTranslator.translate(AbstractFallbackSQLExceptionTranslator.java:107) ~[spring-jdbc-6.1.10.jar:6.1.10]
	at org.springframework.jdbc.core.JdbcTemplate.translateException(JdbcTemplate.java:1548) ~[spring-jdbc-6.1.10.jar:6.1.10]
	at org.springframework.jdbc.core.JdbcTemplate.execute(JdbcTemplate.java:677) ~[spring-jdbc-6.1.10.jar:6.1.10]
	at org.springframework.jdbc.core.JdbcTemplate.update(JdbcTemplate.java:970) ~[spring-jdbc-6.1.10.jar:6.1.10]
	at org.springframework.jdbc.core.JdbcTemplate.update(JdbcTemplate.java:991) ~[spring-jdbc-6.1.10.jar:6.1.10]
	at org.springframework.jdbc.core.namedparam.NamedParameterJdbcTemplate.update(NamedParameterJdbcTemplate.java:337) ~[spring-jdbc-6.1.10.jar:6.1.10]
	at com.betacom.sbjdbc.dao.UfficiDao.addUfficio(UfficiDao.java:64) ~[classes/:na]
	at java.base/jdk.internal.reflect.NativeMethodAccessorImpl.invoke0(Native Method) ~[na:na]
	at java.base/jdk.internal.reflect.NativeMethodAccessorImpl.invoke(NativeMethodAccessorImpl.java:77) ~[na:na]
	at java.base/jdk.internal.reflect.DelegatingMethodAccessorImpl.invoke(DelegatingMethodAccessorImpl.java:43) ~[na:na]
	at java.base/java.lang.reflect.Method.invoke(Method.java:568) ~[na:na]
	at org.springframework.aop.support.AopUtils.invokeJoinpointUsingReflection(AopUtils.java:354) ~[spring-aop-6.1.10.jar:6.1.10]
	at org.springframework.aop.framework.ReflectiveMethodInvocation.invokeJoinpoint(ReflectiveMethodInvocation.java:196) ~[spring-aop-6.1.10.jar:6.1.10]
	at org.springframework.aop.framework.ReflectiveMethodInvocation.proceed(ReflectiveMethodInvocation.java:163) ~[spring-aop-6.1.10.jar:6.1.10]
	at org.springframework.aop.framework.CglibAopProxy$CglibMethodInvocation.proceed(CglibAopProxy.java:768) ~[spring-aop-6.1.10.jar:6.1.10]
	at org.springframework.dao.support.PersistenceExceptionTranslationInterceptor.invoke(PersistenceExceptionTranslationInterceptor.java:138) ~[spring-tx-6.1.10.jar:6.1.10]
	at org.springframework.aop.framework.ReflectiveMethodInvocation.proceed(ReflectiveMethodInvocation.java:184) ~[spring-aop-6.1.10.jar:6.1.10]
	at org.springframework.aop.framework.CglibAopProxy$CglibMethodInvocation.proceed(CglibAopProxy.java:768) ~[spring-aop-6.1.10.jar:6.1.10]
	at org.springframework.transaction.interceptor.TransactionInterceptor$1.proceedWithInvocation(TransactionInterceptor.java:123) ~[spring-tx-6.1.10.jar:6.1.10]
	at org.springframework.transaction.interceptor.TransactionAspectSupport.invokeWithinTransaction(TransactionAspectSupport.java:392) ~[spring-tx-6.1.10.jar:6.1.10]
	at org.springframework.transaction.interceptor.TransactionInterceptor.invoke(TransactionInterceptor.java:119) ~[spring-tx-6.1.10.jar:6.1.10]
	at org.springframework.aop.framework.ReflectiveMethodInvocation.proceed(ReflectiveMethodInvocation.java:184) ~[spring-aop-6.1.10.jar:6.1.10]
	at org.springframework.aop.framework.CglibAopProxy$CglibMethodInvocation.proceed(CglibAopProxy.java:768) ~[spring-aop-6.1.10.jar:6.1.10]
	at org.springframework.aop.framework.CglibAopProxy$DynamicAdvisedInterceptor.intercept(CglibAopProxy.java:720) ~[spring-aop-6.1.10.jar:6.1.10]
	at com.betacom.sbjdbc.dao.UfficiDao$$SpringCGLIB$$0.addUfficio(<generated>) ~[classes/:na]
	at com.betacom.sbjdbc.component.BuisnessComponent.listUffici(BuisnessComponent.java:26) ~[classes/:na]
	at com.betacom.sbjdbc.ProjectSBjdbcApplication.lambda$0(ProjectSBjdbcApplication.java:23) ~[classes/:na]
	at org.springframework.boot.SpringApplication.lambda$callRunner$5(SpringApplication.java:790) ~[spring-boot-3.2.7.jar:3.2.7]
	at org.springframework.util.function.ThrowingConsumer$1.acceptWithException(ThrowingConsumer.java:83) ~[spring-core-6.1.10.jar:6.1.10]
	at org.springframework.util.function.ThrowingConsumer.accept(ThrowingConsumer.java:60) ~[spring-core-6.1.10.jar:6.1.10]
	at org.springframework.util.function.ThrowingConsumer$1.accept(ThrowingConsumer.java:88) ~[spring-core-6.1.10.jar:6.1.10]
	at org.springframework.boot.SpringApplication.callRunner(SpringApplication.java:798) ~[spring-boot-3.2.7.jar:3.2.7]
	at org.springframework.boot.SpringApplication.callRunner(SpringApplication.java:789) ~[spring-boot-3.2.7.jar:3.2.7]
	at org.springframework.boot.SpringApplication.lambda$callRunners$3(SpringApplication.java:774) ~[spring-boot-3.2.7.jar:3.2.7]
	at java.base/java.util.stream.ForEachOps$ForEachOp$OfRef.accept(ForEachOps.java:183) ~[na:na]
	at java.base/java.util.stream.SortedOps$SizedRefSortingSink.end(SortedOps.java:357) ~[na:na]
	at java.base/java.util.stream.AbstractPipeline.copyInto(AbstractPipeline.java:510) ~[na:na]
	at java.base/java.util.stream.AbstractPipeline.wrapAndCopyInto(AbstractPipeline.java:499) ~[na:na]
	at java.base/java.util.stream.ForEachOps$ForEachOp.evaluateSequential(ForEachOps.java:150) ~[na:na]
	at java.base/java.util.stream.ForEachOps$ForEachOp$OfRef.evaluateSequential(ForEachOps.java:173) ~[na:na]
	at java.base/java.util.stream.AbstractPipeline.evaluate(AbstractPipeline.java:234) ~[na:na]
	at java.base/java.util.stream.ReferencePipeline.forEach(ReferencePipeline.java:596) ~[na:na]
	at org.springframework.boot.SpringApplication.callRunners(SpringApplication.java:774) ~[spring-boot-3.2.7.jar:3.2.7]
	at org.springframework.boot.SpringApplication.run(SpringApplication.java:342) ~[spring-boot-3.2.7.jar:3.2.7]
	at org.springframework.boot.SpringApplication.run(SpringApplication.java:1363) ~[spring-boot-3.2.7.jar:3.2.7]
	at org.springframework.boot.SpringApplication.run(SpringApplication.java:1352) ~[spring-boot-3.2.7.jar:3.2.7]
	at com.betacom.sbjdbc.ProjectSBjdbcApplication.main(ProjectSBjdbcApplication.java:17) ~[classes/:na]
	at java.base/jdk.internal.reflect.NativeMethodAccessorImpl.invoke0(Native Method) ~[na:na]
	at java.base/jdk.internal.reflect.NativeMethodAccessorImpl.invoke(NativeMethodAccessorImpl.java:77) ~[na:na]
	at java.base/jdk.internal.reflect.DelegatingMethodAccessorImpl.invoke(DelegatingMethodAccessorImpl.java:43) ~[na:na]
	at java.base/java.lang.reflect.Method.invoke(Method.java:568) ~[na:na]
	at org.springframework.boot.devtools.restart.RestartLauncher.run(RestartLauncher.java:50) ~[spring-boot-devtools-3.2.7.jar:3.2.7]
Caused by: java.sql.SQLSyntaxErrorException: You have an error in your SQL syntax; check the manual that corresponds to your MySQL server version for the right syntax to use near 'vlaues('New room')' at line 1
	at com.mysql.cj.jdbc.exceptions.SQLError.createSQLException(SQLError.java:121) ~[mysql-connector-j-8.3.0.jar:8.3.0]
	at com.mysql.cj.jdbc.exceptions.SQLExceptionsMapping.translateException(SQLExceptionsMapping.java:122) ~[mysql-connector-j-8.3.0.jar:8.3.0]
	at com.mysql.cj.jdbc.ClientPreparedStatement.executeInternal(ClientPreparedStatement.java:912) ~[mysql-connector-j-8.3.0.jar:8.3.0]
	at com.mysql.cj.jdbc.ClientPreparedStatement.executeUpdateInternal(ClientPreparedStatement.java:1054) ~[mysql-connector-j-8.3.0.jar:8.3.0]
	at com.mysql.cj.jdbc.ClientPreparedStatement.executeUpdateInternal(ClientPreparedStatement.java:1003) ~[mysql-connector-j-8.3.0.jar:8.3.0]
	at com.mysql.cj.jdbc.ClientPreparedStatement.executeLargeUpdate(ClientPreparedStatement.java:1312) ~[mysql-connector-j-8.3.0.jar:8.3.0]
	at com.mysql.cj.jdbc.ClientPreparedStatement.executeUpdate(ClientPreparedStatement.java:988) ~[mysql-connector-j-8.3.0.jar:8.3.0]
	at com.zaxxer.hikari.pool.ProxyPreparedStatement.executeUpdate(ProxyPreparedStatement.java:61) ~[HikariCP-5.0.1.jar:na]
	at com.zaxxer.hikari.pool.HikariProxyPreparedStatement.executeUpdate(HikariProxyPreparedStatement.java) ~[HikariCP-5.0.1.jar:na]
	at org.springframework.jdbc.core.JdbcTemplate.lambda$update$2(JdbcTemplate.java:975) ~[spring-jdbc-6.1.10.jar:6.1.10]
	at org.springframework.jdbc.core.JdbcTemplate.execute(JdbcTemplate.java:658) ~[spring-jdbc-6.1.10.jar:6.1.10]
	... 49 common frames omitted

2024-07-09T12:19:09.745+02:00  INFO 13032 --- [projectSBjdbc] [restartedMain] com.zaxxer.hikari.HikariDataSource       : HikariPool-1 - Shutdown initiated...
2024-07-09T12:19:09.762+02:00  INFO 13032 --- [projectSBjdbc] [restartedMain] com.zaxxer.hikari.HikariDataSource       : HikariPool-1 - Shutdown completed.
