2024-07-12T14:44:29.623+02:00  INFO 24920 --- [projectJPA] [main] com.betacom.jpa.JpaApplication           : Starting JpaApplication using Java 17.0.10 with PID 24920 (/Users/gerard/projets/corsi/academy/projectJPA/target/classes started by gerard in /Users/gerard/projets/corsi/academy/projectJPA)
2024-07-12T14:44:29.629+02:00 DEBUG 24920 --- [projectJPA] [main] com.betacom.jpa.JpaApplication           : Running with Spring Boot v3.2.7, Spring v6.1.10
2024-07-12T14:44:29.630+02:00  INFO 24920 --- [projectJPA] [main] com.betacom.jpa.JpaApplication           : No active profile set, falling back to 1 default profile: "default"
2024-07-12T14:44:30.126+02:00  INFO 24920 --- [projectJPA] [main] .s.d.r.c.RepositoryConfigurationDelegate : Bootstrapping Spring Data JPA repositories in DEFAULT mode.
2024-07-12T14:44:30.201+02:00  INFO 24920 --- [projectJPA] [main] .s.d.r.c.RepositoryConfigurationDelegate : Finished Spring Data repository scanning in 66 ms. Found 4 JPA repository interfaces.
2024-07-12T14:44:30.575+02:00  INFO 24920 --- [projectJPA] [main] com.zaxxer.hikari.HikariDataSource       : HikariPool-1 - Starting...
2024-07-12T14:44:30.978+02:00  INFO 24920 --- [projectJPA] [main] com.zaxxer.hikari.pool.HikariPool        : HikariPool-1 - Added connection com.mysql.cj.jdbc.ConnectionImpl@12eedfee
2024-07-12T14:44:30.980+02:00  INFO 24920 --- [projectJPA] [main] com.zaxxer.hikari.HikariDataSource       : HikariPool-1 - Start completed.
2024-07-12T14:44:31.031+02:00  INFO 24920 --- [projectJPA] [main] o.hibernate.jpa.internal.util.LogHelper  : HHH000204: Processing PersistenceUnitInfo [name: default]
2024-07-12T14:44:31.116+02:00  INFO 24920 --- [projectJPA] [main] org.hibernate.Version                    : HHH000412: Hibernate ORM core version 6.4.9.Final
2024-07-12T14:44:31.161+02:00  INFO 24920 --- [projectJPA] [main] o.h.c.internal.RegionFactoryInitiator    : HHH000026: Second-level cache disabled
2024-07-12T14:44:31.470+02:00  INFO 24920 --- [projectJPA] [main] o.s.o.j.p.SpringPersistenceUnitInfo      : No LoadTimeWeaver setup: ignoring JPA class transformer
2024-07-12T14:44:32.568+02:00  INFO 24920 --- [projectJPA] [main] o.h.e.t.j.p.i.JtaPlatformInitiator       : HHH000489: No JTA platform available (set 'hibernate.transaction.jta.platform' to enable JTA platform integration)
2024-07-12T14:44:32.597+02:00  INFO 24920 --- [projectJPA] [main] j.LocalContainerEntityManagerFactoryBean : Initialized JPA EntityManagerFactory for persistence unit 'default'
2024-07-12T14:44:32.949+02:00  INFO 24920 --- [projectJPA] [main] o.s.d.j.r.query.QueryEnhancerFactory     : Hibernate is in classpath; If applicable, HQL parser will be used.
2024-07-12T14:44:33.503+02:00  INFO 24920 --- [projectJPA] [main] com.betacom.jpa.JpaApplication           : Started JpaApplication in 4.296 seconds (process running for 4.951)
2024-07-12T14:44:33.507+02:00  INFO 24920 --- [projectJPA] [main] com.betacom.jpa.process.ProcessTestJPA   : List Socio ******
2024-07-12T14:44:33.691+02:00  INFO 24920 --- [projectJPA] [main] com.betacom.jpa.process.ProcessTestJPA   : SocioDTO [id=5, cognome=Verde, nome=Gianni, cFiscale=GS12223456789123, idCertificato=4, dataCerticicato=12/04/2024, tipoCertificato=Normale abbonamenti=[AbbonamentoDTO [id=5, dataIscrizione=01/01/2024], AbbonamentoDTO [id=6, dataIscrizione=05/05/2024]]]
2024-07-12T14:44:33.691+02:00  INFO 24920 --- [projectJPA] [main] com.betacom.jpa.process.ProcessTestJPA   : SocioDTO [id=6, cognome=Rossi, nome=Paolo, cFiscale=SM33333789123, idCertificato=5, dataCerticicato=01/05/2024, tipoCertificato=Normale abbonamenti=[AbbonamentoDTO [id=7, dataIscrizione=01/01/2024]]]
2024-07-12T14:44:33.692+02:00  INFO 24920 --- [projectJPA] [main] com.betacom.jpa.process.ProcessTestJPA   : SocioDTO [id=7, cognome=Giallo, nome=Andrea, cFiscale=AL22223338, idCertificato=6, dataCerticicato=10/05/2024, tipoCertificato=Normale abbonamenti=[AbbonamentoDTO [id=8, dataIscrizione=05/05/2024]]]
2024-07-12T14:44:33.692+02:00  INFO 24920 --- [projectJPA] [main] com.betacom.jpa.process.ProcessTestJPA   : SocioDTO [id=8, cognome=Nero, nome=Gainno, cFiscale=GI3445538, idCertificato=null, dataCerticicato=null, tipoCertificato=null abbonamenti=[]]
2024-07-12T14:44:33.692+02:00 DEBUG 24920 --- [projectJPA] [main] com.betacom.jpa.process.ProcessTestJPA   : extract cognome with o
2024-07-12T14:44:33.692+02:00  INFO 24920 --- [projectJPA] [main] com.betacom.jpa.process.ProcessTestJPA   : List Socio Like ******
2024-07-12T14:44:33.750+02:00  INFO 24920 --- [projectJPA] [main] com.betacom.jpa.process.ProcessTestJPA   : SocioDTO [id=6, cognome=Rossi, nome=Paolo, cFiscale=SM33333789123, idCertificato=5, dataCerticicato=01/05/2024, tipoCertificato=Normale abbonamenti=[AbbonamentoDTO [id=7, dataIscrizione=01/01/2024]]]
2024-07-12T14:44:33.750+02:00  INFO 24920 --- [projectJPA] [main] com.betacom.jpa.process.ProcessTestJPA   : SocioDTO [id=7, cognome=Giallo, nome=Andrea, cFiscale=AL22223338, idCertificato=6, dataCerticicato=10/05/2024, tipoCertificato=Normale abbonamenti=[AbbonamentoDTO [id=8, dataIscrizione=05/05/2024]]]
2024-07-12T14:44:33.750+02:00  INFO 24920 --- [projectJPA] [main] com.betacom.jpa.process.ProcessTestJPA   : SocioDTO [id=8, cognome=Nero, nome=Gainno, cFiscale=GI3445538, idCertificato=null, dataCerticicato=null, tipoCertificato=null abbonamenti=[]]
2024-07-12T14:44:33.750+02:00  INFO 24920 --- [projectJPA] [main] com.betacom.jpa.process.ProcessTestJPA   : List Socio Attivita ******
2024-07-12T14:44:33.763+02:00  INFO 24920 --- [projectJPA] [main] com.betacom.jpa.process.ProcessTestJPA   : SocioDTO [id=5, cognome=Verde, nome=Gianni, cFiscale=GS12223456789123, idCertificato=4, dataCerticicato=12/04/2024, tipoCertificato=Normale abbonamenti=[AbbonamentoDTO [id=5, dataIscrizione=01/01/2024]]]
2024-07-12T14:44:33.767+02:00  INFO 24920 --- [projectJPA] [SpringApplicationShutdownHook] j.LocalContainerEntityManagerFactoryBean : Closing JPA EntityManagerFactory for persistence unit 'default'
2024-07-12T14:44:33.769+02:00  INFO 24920 --- [projectJPA] [SpringApplicationShutdownHook] com.zaxxer.hikari.HikariDataSource       : HikariPool-1 - Shutdown initiated...
2024-07-12T14:44:33.778+02:00  INFO 24920 --- [projectJPA] [SpringApplicationShutdownHook] com.zaxxer.hikari.HikariDataSource       : HikariPool-1 - Shutdown completed.
2024-07-12T14:46:58.104+02:00  INFO 25069 --- [projectJPA] [main] com.betacom.jpa.JpaApplication           : Starting JpaApplication using Java 17.0.10 with PID 25069 (/Users/gerard/projets/corsi/academy/projectJPA/target/classes started by gerard in /Users/gerard/projets/corsi/academy/projectJPA)
2024-07-12T14:46:58.107+02:00 DEBUG 25069 --- [projectJPA] [main] com.betacom.jpa.JpaApplication           : Running with Spring Boot v3.2.7, Spring v6.1.10
2024-07-12T14:46:58.108+02:00  INFO 25069 --- [projectJPA] [main] com.betacom.jpa.JpaApplication           : No active profile set, falling back to 1 default profile: "default"
2024-07-12T14:46:58.940+02:00  INFO 25069 --- [projectJPA] [main] .s.d.r.c.RepositoryConfigurationDelegate : Bootstrapping Spring Data JPA repositories in DEFAULT mode.
2024-07-12T14:46:59.034+02:00  INFO 25069 --- [projectJPA] [main] .s.d.r.c.RepositoryConfigurationDelegate : Finished Spring Data repository scanning in 83 ms. Found 4 JPA repository interfaces.
2024-07-12T14:46:59.792+02:00  INFO 25069 --- [projectJPA] [main] o.s.b.w.embedded.tomcat.TomcatWebServer  : Tomcat initialized with port 8080 (http)
2024-07-12T14:46:59.810+02:00  INFO 25069 --- [projectJPA] [main] o.apache.catalina.core.StandardService   : Starting service [Tomcat]
2024-07-12T14:46:59.811+02:00  INFO 25069 --- [projectJPA] [main] o.apache.catalina.core.StandardEngine    : Starting Servlet engine: [Apache Tomcat/10.1.25]
2024-07-12T14:46:59.893+02:00  INFO 25069 --- [projectJPA] [main] o.a.c.c.C.[Tomcat].[localhost].[/]       : Initializing Spring embedded WebApplicationContext
2024-07-12T14:46:59.894+02:00  INFO 25069 --- [projectJPA] [main] w.s.c.ServletWebServerApplicationContext : Root WebApplicationContext: initialization completed in 1719 ms
2024-07-12T14:47:00.093+02:00  INFO 25069 --- [projectJPA] [main] com.zaxxer.hikari.HikariDataSource       : HikariPool-1 - Starting...
2024-07-12T14:47:00.499+02:00  INFO 25069 --- [projectJPA] [main] com.zaxxer.hikari.pool.HikariPool        : HikariPool-1 - Added connection com.mysql.cj.jdbc.ConnectionImpl@6b2dd3df
2024-07-12T14:47:00.501+02:00  INFO 25069 --- [projectJPA] [main] com.zaxxer.hikari.HikariDataSource       : HikariPool-1 - Start completed.
2024-07-12T14:47:00.565+02:00  INFO 25069 --- [projectJPA] [main] o.hibernate.jpa.internal.util.LogHelper  : HHH000204: Processing PersistenceUnitInfo [name: default]
2024-07-12T14:47:00.646+02:00  INFO 25069 --- [projectJPA] [main] org.hibernate.Version                    : HHH000412: Hibernate ORM core version 6.4.9.Final
2024-07-12T14:47:00.699+02:00  INFO 25069 --- [projectJPA] [main] o.h.c.internal.RegionFactoryInitiator    : HHH000026: Second-level cache disabled
2024-07-12T14:47:01.030+02:00  INFO 25069 --- [projectJPA] [main] o.s.o.j.p.SpringPersistenceUnitInfo      : No LoadTimeWeaver setup: ignoring JPA class transformer
2024-07-12T14:47:02.349+02:00  INFO 25069 --- [projectJPA] [main] o.h.e.t.j.p.i.JtaPlatformInitiator       : HHH000489: No JTA platform available (set 'hibernate.transaction.jta.platform' to enable JTA platform integration)
2024-07-12T14:47:02.385+02:00  INFO 25069 --- [projectJPA] [main] j.LocalContainerEntityManagerFactoryBean : Initialized JPA EntityManagerFactory for persistence unit 'default'
2024-07-12T14:47:02.802+02:00  INFO 25069 --- [projectJPA] [main] o.s.d.j.r.query.QueryEnhancerFactory     : Hibernate is in classpath; If applicable, HQL parser will be used.
2024-07-12T14:47:03.322+02:00  WARN 25069 --- [projectJPA] [main] JpaBaseConfiguration$JpaWebConfiguration : spring.jpa.open-in-view is enabled by default. Therefore, database queries may be performed during view rendering. Explicitly configure spring.jpa.open-in-view to disable this warning
2024-07-12T14:47:03.759+02:00  INFO 25069 --- [projectJPA] [main] o.s.b.w.embedded.tomcat.TomcatWebServer  : Tomcat started on port 8080 (http) with context path ''
2024-07-12T14:47:03.775+02:00  INFO 25069 --- [projectJPA] [main] com.betacom.jpa.JpaApplication           : Started JpaApplication in 6.248 seconds (process running for 6.813)
2024-07-12T14:47:15.268+02:00  INFO 25069 --- [projectJPA] [SpringApplicationShutdownHook] j.LocalContainerEntityManagerFactoryBean : Closing JPA EntityManagerFactory for persistence unit 'default'
2024-07-12T14:47:15.272+02:00  INFO 25069 --- [projectJPA] [SpringApplicationShutdownHook] com.zaxxer.hikari.HikariDataSource       : HikariPool-1 - Shutdown initiated...
2024-07-12T14:47:15.281+02:00  INFO 25069 --- [projectJPA] [SpringApplicationShutdownHook] com.zaxxer.hikari.HikariDataSource       : HikariPool-1 - Shutdown completed.
2024-07-12T15:51:03.900+02:00  INFO 28400 --- [projectJPA] [main] com.betacom.jpa.JpaApplication           : Starting JpaApplication using Java 17.0.10 with PID 28400 (/Users/gerard/projets/corsi/academy/projectJPA/target/classes started by gerard in /Users/gerard/projets/corsi/academy/projectJPA)
2024-07-12T15:51:03.904+02:00 DEBUG 28400 --- [projectJPA] [main] com.betacom.jpa.JpaApplication           : Running with Spring Boot v3.2.7, Spring v6.1.10
2024-07-12T15:51:03.906+02:00  INFO 28400 --- [projectJPA] [main] com.betacom.jpa.JpaApplication           : No active profile set, falling back to 1 default profile: "default"
2024-07-12T15:51:04.908+02:00  INFO 28400 --- [projectJPA] [main] .s.d.r.c.RepositoryConfigurationDelegate : Bootstrapping Spring Data JPA repositories in DEFAULT mode.
2024-07-12T15:51:05.017+02:00  INFO 28400 --- [projectJPA] [main] .s.d.r.c.RepositoryConfigurationDelegate : Finished Spring Data repository scanning in 95 ms. Found 4 JPA repository interfaces.
2024-07-12T15:51:05.771+02:00  INFO 28400 --- [projectJPA] [main] o.s.b.w.embedded.tomcat.TomcatWebServer  : Tomcat initialized with port 8080 (http)
2024-07-12T15:51:05.788+02:00  INFO 28400 --- [projectJPA] [main] o.apache.catalina.core.StandardService   : Starting service [Tomcat]
2024-07-12T15:51:05.789+02:00  INFO 28400 --- [projectJPA] [main] o.apache.catalina.core.StandardEngine    : Starting Servlet engine: [Apache Tomcat/10.1.25]
2024-07-12T15:51:05.878+02:00  INFO 28400 --- [projectJPA] [main] o.a.c.c.C.[Tomcat].[localhost].[/]       : Initializing Spring embedded WebApplicationContext
2024-07-12T15:51:05.879+02:00  INFO 28400 --- [projectJPA] [main] w.s.c.ServletWebServerApplicationContext : Root WebApplicationContext: initialization completed in 1894 ms
2024-07-12T15:51:06.079+02:00  INFO 28400 --- [projectJPA] [main] com.zaxxer.hikari.HikariDataSource       : HikariPool-1 - Starting...
2024-07-12T15:51:06.536+02:00  INFO 28400 --- [projectJPA] [main] com.zaxxer.hikari.pool.HikariPool        : HikariPool-1 - Added connection com.mysql.cj.jdbc.ConnectionImpl@6367a688
2024-07-12T15:51:06.539+02:00  INFO 28400 --- [projectJPA] [main] com.zaxxer.hikari.HikariDataSource       : HikariPool-1 - Start completed.
2024-07-12T15:51:06.607+02:00  INFO 28400 --- [projectJPA] [main] o.hibernate.jpa.internal.util.LogHelper  : HHH000204: Processing PersistenceUnitInfo [name: default]
2024-07-12T15:51:06.692+02:00  INFO 28400 --- [projectJPA] [main] org.hibernate.Version                    : HHH000412: Hibernate ORM core version 6.4.9.Final
2024-07-12T15:51:06.743+02:00  INFO 28400 --- [projectJPA] [main] o.h.c.internal.RegionFactoryInitiator    : HHH000026: Second-level cache disabled
2024-07-12T15:51:07.081+02:00  INFO 28400 --- [projectJPA] [main] o.s.o.j.p.SpringPersistenceUnitInfo      : No LoadTimeWeaver setup: ignoring JPA class transformer
2024-07-12T15:51:08.487+02:00  INFO 28400 --- [projectJPA] [main] o.h.e.t.j.p.i.JtaPlatformInitiator       : HHH000489: No JTA platform available (set 'hibernate.transaction.jta.platform' to enable JTA platform integration)
2024-07-12T15:51:08.529+02:00  INFO 28400 --- [projectJPA] [main] j.LocalContainerEntityManagerFactoryBean : Initialized JPA EntityManagerFactory for persistence unit 'default'
2024-07-12T15:51:08.955+02:00  INFO 28400 --- [projectJPA] [main] o.s.d.j.r.query.QueryEnhancerFactory     : Hibernate is in classpath; If applicable, HQL parser will be used.
2024-07-12T15:51:09.503+02:00  WARN 28400 --- [projectJPA] [main] JpaBaseConfiguration$JpaWebConfiguration : spring.jpa.open-in-view is enabled by default. Therefore, database queries may be performed during view rendering. Explicitly configure spring.jpa.open-in-view to disable this warning
2024-07-12T15:51:09.957+02:00  INFO 28400 --- [projectJPA] [main] o.s.b.w.embedded.tomcat.TomcatWebServer  : Tomcat started on port 8080 (http) with context path ''
2024-07-12T15:51:09.971+02:00  INFO 28400 --- [projectJPA] [main] com.betacom.jpa.JpaApplication           : Started JpaApplication in 6.73 seconds (process running for 7.526)
2024-07-12T15:55:47.490+02:00  INFO 28400 --- [projectJPA] [http-nio-8080-exec-2] o.a.c.c.C.[Tomcat].[localhost].[/]       : Initializing Spring DispatcherServlet 'dispatcherServlet'
2024-07-12T15:55:47.491+02:00  INFO 28400 --- [projectJPA] [http-nio-8080-exec-2] o.s.web.servlet.DispatcherServlet        : Initializing Servlet 'dispatcherServlet'
2024-07-12T15:55:47.494+02:00  INFO 28400 --- [projectJPA] [http-nio-8080-exec-2] o.s.web.servlet.DispatcherServlet        : Completed initialization in 2 ms
2024-07-12T15:55:47.845+02:00  WARN 28400 --- [projectJPA] [http-nio-8080-exec-2] o.h.engine.jdbc.spi.SqlExceptionHelper   : SQL Error: 1062, SQLState: 23000
2024-07-12T15:55:47.846+02:00 ERROR 28400 --- [projectJPA] [http-nio-8080-exec-2] o.h.engine.jdbc.spi.SqlExceptionHelper   : Duplicate entry 'GI3445538' for key 'socio.UK_tox6grm7ohkl1mrr70yb2fyan'
2024-07-12T15:58:26.219+02:00  INFO 28400 --- [projectJPA] [SpringApplicationShutdownHook] j.LocalContainerEntityManagerFactoryBean : Closing JPA EntityManagerFactory for persistence unit 'default'
2024-07-12T15:58:26.224+02:00  INFO 28400 --- [projectJPA] [SpringApplicationShutdownHook] com.zaxxer.hikari.HikariDataSource       : HikariPool-1 - Shutdown initiated...
2024-07-12T15:58:26.233+02:00  INFO 28400 --- [projectJPA] [SpringApplicationShutdownHook] com.zaxxer.hikari.HikariDataSource       : HikariPool-1 - Shutdown completed.
2024-07-12T15:58:32.265+02:00  INFO 28801 --- [projectJPA] [main] com.betacom.jpa.JpaApplication           : Starting JpaApplication using Java 17.0.10 with PID 28801 (/Users/gerard/projets/corsi/academy/projectJPA/target/classes started by gerard in /Users/gerard/projets/corsi/academy/projectJPA)
2024-07-12T15:58:32.268+02:00 DEBUG 28801 --- [projectJPA] [main] com.betacom.jpa.JpaApplication           : Running with Spring Boot v3.2.7, Spring v6.1.10
2024-07-12T15:58:32.271+02:00  INFO 28801 --- [projectJPA] [main] com.betacom.jpa.JpaApplication           : No active profile set, falling back to 1 default profile: "default"
2024-07-12T15:58:33.321+02:00  INFO 28801 --- [projectJPA] [main] .s.d.r.c.RepositoryConfigurationDelegate : Bootstrapping Spring Data JPA repositories in DEFAULT mode.
2024-07-12T15:58:33.428+02:00  INFO 28801 --- [projectJPA] [main] .s.d.r.c.RepositoryConfigurationDelegate : Finished Spring Data repository scanning in 94 ms. Found 4 JPA repository interfaces.
2024-07-12T15:58:34.267+02:00  INFO 28801 --- [projectJPA] [main] o.s.b.w.embedded.tomcat.TomcatWebServer  : Tomcat initialized with port 8080 (http)
2024-07-12T15:58:34.286+02:00  INFO 28801 --- [projectJPA] [main] o.apache.catalina.core.StandardService   : Starting service [Tomcat]
2024-07-12T15:58:34.287+02:00  INFO 28801 --- [projectJPA] [main] o.apache.catalina.core.StandardEngine    : Starting Servlet engine: [Apache Tomcat/10.1.25]
2024-07-12T15:58:34.384+02:00  INFO 28801 --- [projectJPA] [main] o.a.c.c.C.[Tomcat].[localhost].[/]       : Initializing Spring embedded WebApplicationContext
2024-07-12T15:58:34.385+02:00  INFO 28801 --- [projectJPA] [main] w.s.c.ServletWebServerApplicationContext : Root WebApplicationContext: initialization completed in 2033 ms
2024-07-12T15:58:34.621+02:00  INFO 28801 --- [projectJPA] [main] com.zaxxer.hikari.HikariDataSource       : HikariPool-1 - Starting...
2024-07-12T15:58:35.119+02:00  INFO 28801 --- [projectJPA] [main] com.zaxxer.hikari.pool.HikariPool        : HikariPool-1 - Added connection com.mysql.cj.jdbc.ConnectionImpl@2eda4eeb
2024-07-12T15:58:35.123+02:00  INFO 28801 --- [projectJPA] [main] com.zaxxer.hikari.HikariDataSource       : HikariPool-1 - Start completed.
2024-07-12T15:58:35.206+02:00  INFO 28801 --- [projectJPA] [main] o.hibernate.jpa.internal.util.LogHelper  : HHH000204: Processing PersistenceUnitInfo [name: default]
2024-07-12T15:58:35.300+02:00  INFO 28801 --- [projectJPA] [main] org.hibernate.Version                    : HHH000412: Hibernate ORM core version 6.4.9.Final
2024-07-12T15:58:35.363+02:00  INFO 28801 --- [projectJPA] [main] o.h.c.internal.RegionFactoryInitiator    : HHH000026: Second-level cache disabled
2024-07-12T15:58:35.755+02:00  INFO 28801 --- [projectJPA] [main] o.s.o.j.p.SpringPersistenceUnitInfo      : No LoadTimeWeaver setup: ignoring JPA class transformer
2024-07-12T15:58:37.272+02:00  INFO 28801 --- [projectJPA] [main] o.h.e.t.j.p.i.JtaPlatformInitiator       : HHH000489: No JTA platform available (set 'hibernate.transaction.jta.platform' to enable JTA platform integration)
2024-07-12T15:58:37.312+02:00  INFO 28801 --- [projectJPA] [main] j.LocalContainerEntityManagerFactoryBean : Initialized JPA EntityManagerFactory for persistence unit 'default'
2024-07-12T15:58:37.786+02:00  INFO 28801 --- [projectJPA] [main] o.s.d.j.r.query.QueryEnhancerFactory     : Hibernate is in classpath; If applicable, HQL parser will be used.
2024-07-12T15:58:38.371+02:00  WARN 28801 --- [projectJPA] [main] JpaBaseConfiguration$JpaWebConfiguration : spring.jpa.open-in-view is enabled by default. Therefore, database queries may be performed during view rendering. Explicitly configure spring.jpa.open-in-view to disable this warning
2024-07-12T15:58:38.863+02:00  INFO 28801 --- [projectJPA] [main] o.s.b.w.embedded.tomcat.TomcatWebServer  : Tomcat started on port 8080 (http) with context path ''
2024-07-12T15:58:38.878+02:00  INFO 28801 --- [projectJPA] [main] com.betacom.jpa.JpaApplication           : Started JpaApplication in 7.308 seconds (process running for 7.933)
2024-07-12T15:58:49.700+02:00  INFO 28801 --- [projectJPA] [http-nio-8080-exec-2] o.a.c.c.C.[Tomcat].[localhost].[/]       : Initializing Spring DispatcherServlet 'dispatcherServlet'
2024-07-12T15:58:49.700+02:00  INFO 28801 --- [projectJPA] [http-nio-8080-exec-2] o.s.web.servlet.DispatcherServlet        : Initializing Servlet 'dispatcherServlet'
2024-07-12T15:58:49.704+02:00  INFO 28801 --- [projectJPA] [http-nio-8080-exec-2] o.s.web.servlet.DispatcherServlet        : Completed initialization in 2 ms
2024-07-12T15:58:50.016+02:00  WARN 28801 --- [projectJPA] [http-nio-8080-exec-2] o.h.engine.jdbc.spi.SqlExceptionHelper   : SQL Error: 1062, SQLState: 23000
2024-07-12T15:58:50.017+02:00 ERROR 28801 --- [projectJPA] [http-nio-8080-exec-2] o.h.engine.jdbc.spi.SqlExceptionHelper   : Duplicate entry 'GI3445538' for key 'socio.UK_tox6grm7ohkl1mrr70yb2fyan'
2024-07-12T16:09:22.344+02:00  INFO 28801 --- [projectJPA] [SpringApplicationShutdownHook] j.LocalContainerEntityManagerFactoryBean : Closing JPA EntityManagerFactory for persistence unit 'default'
2024-07-12T16:09:22.348+02:00  INFO 28801 --- [projectJPA] [SpringApplicationShutdownHook] com.zaxxer.hikari.HikariDataSource       : HikariPool-1 - Shutdown initiated...
2024-07-12T16:09:22.356+02:00  INFO 28801 --- [projectJPA] [SpringApplicationShutdownHook] com.zaxxer.hikari.HikariDataSource       : HikariPool-1 - Shutdown completed.
2024-07-12T16:09:29.665+02:00  INFO 29368 --- [projectJPA] [main] com.betacom.jpa.JpaApplication           : Starting JpaApplication using Java 17.0.10 with PID 29368 (/Users/gerard/projets/corsi/academy/projectJPA/target/classes started by gerard in /Users/gerard/projets/corsi/academy/projectJPA)
2024-07-12T16:09:29.668+02:00 DEBUG 29368 --- [projectJPA] [main] com.betacom.jpa.JpaApplication           : Running with Spring Boot v3.2.7, Spring v6.1.10
2024-07-12T16:09:29.670+02:00  INFO 29368 --- [projectJPA] [main] com.betacom.jpa.JpaApplication           : No active profile set, falling back to 1 default profile: "default"
2024-07-12T16:09:30.595+02:00  INFO 29368 --- [projectJPA] [main] .s.d.r.c.RepositoryConfigurationDelegate : Bootstrapping Spring Data JPA repositories in DEFAULT mode.
2024-07-12T16:09:30.694+02:00  INFO 29368 --- [projectJPA] [main] .s.d.r.c.RepositoryConfigurationDelegate : Finished Spring Data repository scanning in 86 ms. Found 4 JPA repository interfaces.
2024-07-12T16:09:31.459+02:00  INFO 29368 --- [projectJPA] [main] o.s.b.w.embedded.tomcat.TomcatWebServer  : Tomcat initialized with port 8080 (http)
2024-07-12T16:09:31.478+02:00  INFO 29368 --- [projectJPA] [main] o.apache.catalina.core.StandardService   : Starting service [Tomcat]
2024-07-12T16:09:31.479+02:00  INFO 29368 --- [projectJPA] [main] o.apache.catalina.core.StandardEngine    : Starting Servlet engine: [Apache Tomcat/10.1.25]
2024-07-12T16:09:31.569+02:00  INFO 29368 --- [projectJPA] [main] o.a.c.c.C.[Tomcat].[localhost].[/]       : Initializing Spring embedded WebApplicationContext
2024-07-12T16:09:31.570+02:00  INFO 29368 --- [projectJPA] [main] w.s.c.ServletWebServerApplicationContext : Root WebApplicationContext: initialization completed in 1824 ms
2024-07-12T16:09:31.784+02:00  INFO 29368 --- [projectJPA] [main] com.zaxxer.hikari.HikariDataSource       : HikariPool-1 - Starting...
2024-07-12T16:09:32.287+02:00  INFO 29368 --- [projectJPA] [main] com.zaxxer.hikari.pool.HikariPool        : HikariPool-1 - Added connection com.mysql.cj.jdbc.ConnectionImpl@22da2fe6
2024-07-12T16:09:32.294+02:00  INFO 29368 --- [projectJPA] [main] com.zaxxer.hikari.HikariDataSource       : HikariPool-1 - Start completed.
2024-07-12T16:09:32.359+02:00  INFO 29368 --- [projectJPA] [main] o.hibernate.jpa.internal.util.LogHelper  : HHH000204: Processing PersistenceUnitInfo [name: default]
2024-07-12T16:09:32.450+02:00  INFO 29368 --- [projectJPA] [main] org.hibernate.Version                    : HHH000412: Hibernate ORM core version 6.4.9.Final
2024-07-12T16:09:32.507+02:00  INFO 29368 --- [projectJPA] [main] o.h.c.internal.RegionFactoryInitiator    : HHH000026: Second-level cache disabled
2024-07-12T16:09:32.864+02:00  INFO 29368 --- [projectJPA] [main] o.s.o.j.p.SpringPersistenceUnitInfo      : No LoadTimeWeaver setup: ignoring JPA class transformer
2024-07-12T16:09:34.258+02:00  INFO 29368 --- [projectJPA] [main] o.h.e.t.j.p.i.JtaPlatformInitiator       : HHH000489: No JTA platform available (set 'hibernate.transaction.jta.platform' to enable JTA platform integration)
2024-07-12T16:09:34.297+02:00  INFO 29368 --- [projectJPA] [main] j.LocalContainerEntityManagerFactoryBean : Initialized JPA EntityManagerFactory for persistence unit 'default'
2024-07-12T16:09:34.733+02:00  INFO 29368 --- [projectJPA] [main] o.s.d.j.r.query.QueryEnhancerFactory     : Hibernate is in classpath; If applicable, HQL parser will be used.
2024-07-12T16:09:35.275+02:00  WARN 29368 --- [projectJPA] [main] JpaBaseConfiguration$JpaWebConfiguration : spring.jpa.open-in-view is enabled by default. Therefore, database queries may be performed during view rendering. Explicitly configure spring.jpa.open-in-view to disable this warning
2024-07-12T16:09:35.726+02:00  INFO 29368 --- [projectJPA] [main] o.s.b.w.embedded.tomcat.TomcatWebServer  : Tomcat started on port 8080 (http) with context path ''
2024-07-12T16:09:35.741+02:00  INFO 29368 --- [projectJPA] [main] com.betacom.jpa.JpaApplication           : Started JpaApplication in 6.694 seconds (process running for 7.268)
2024-07-12T16:09:55.719+02:00  INFO 29368 --- [projectJPA] [http-nio-8080-exec-2] o.a.c.c.C.[Tomcat].[localhost].[/]       : Initializing Spring DispatcherServlet 'dispatcherServlet'
2024-07-12T16:09:55.720+02:00  INFO 29368 --- [projectJPA] [http-nio-8080-exec-2] o.s.web.servlet.DispatcherServlet        : Initializing Servlet 'dispatcherServlet'
2024-07-12T16:09:55.722+02:00  INFO 29368 --- [projectJPA] [http-nio-8080-exec-2] o.s.web.servlet.DispatcherServlet        : Completed initialization in 2 ms
2024-07-12T16:40:23.608+02:00  INFO 29368 --- [projectJPA] [SpringApplicationShutdownHook] j.LocalContainerEntityManagerFactoryBean : Closing JPA EntityManagerFactory for persistence unit 'default'
2024-07-12T16:40:23.617+02:00  INFO 29368 --- [projectJPA] [SpringApplicationShutdownHook] com.zaxxer.hikari.HikariDataSource       : HikariPool-1 - Shutdown initiated...
2024-07-12T16:40:23.623+02:00  INFO 29368 --- [projectJPA] [SpringApplicationShutdownHook] com.zaxxer.hikari.HikariDataSource       : HikariPool-1 - Shutdown completed.
2024-07-12T16:40:29.488+02:00  INFO 30952 --- [projectJPA] [main] com.betacom.jpa.JpaApplication           : Starting JpaApplication using Java 17.0.10 with PID 30952 (/Users/gerard/projets/corsi/academy/projectJPA/target/classes started by gerard in /Users/gerard/projets/corsi/academy/projectJPA)
2024-07-12T16:40:29.491+02:00 DEBUG 30952 --- [projectJPA] [main] com.betacom.jpa.JpaApplication           : Running with Spring Boot v3.2.7, Spring v6.1.10
2024-07-12T16:40:29.493+02:00  INFO 30952 --- [projectJPA] [main] com.betacom.jpa.JpaApplication           : No active profile set, falling back to 1 default profile: "default"
2024-07-12T16:40:30.360+02:00  INFO 30952 --- [projectJPA] [main] .s.d.r.c.RepositoryConfigurationDelegate : Bootstrapping Spring Data JPA repositories in DEFAULT mode.
2024-07-12T16:40:30.457+02:00  INFO 30952 --- [projectJPA] [main] .s.d.r.c.RepositoryConfigurationDelegate : Finished Spring Data repository scanning in 84 ms. Found 4 JPA repository interfaces.
2024-07-12T16:40:31.256+02:00  INFO 30952 --- [projectJPA] [main] o.s.b.w.embedded.tomcat.TomcatWebServer  : Tomcat initialized with port 8080 (http)
2024-07-12T16:40:31.279+02:00  INFO 30952 --- [projectJPA] [main] o.apache.catalina.core.StandardService   : Starting service [Tomcat]
2024-07-12T16:40:31.281+02:00  INFO 30952 --- [projectJPA] [main] o.apache.catalina.core.StandardEngine    : Starting Servlet engine: [Apache Tomcat/10.1.25]
2024-07-12T16:40:31.389+02:00  INFO 30952 --- [projectJPA] [main] o.a.c.c.C.[Tomcat].[localhost].[/]       : Initializing Spring embedded WebApplicationContext
2024-07-12T16:40:31.390+02:00  INFO 30952 --- [projectJPA] [main] w.s.c.ServletWebServerApplicationContext : Root WebApplicationContext: initialization completed in 1824 ms
2024-07-12T16:40:31.682+02:00  INFO 30952 --- [projectJPA] [main] com.zaxxer.hikari.HikariDataSource       : HikariPool-1 - Starting...
2024-07-12T16:40:32.169+02:00  INFO 30952 --- [projectJPA] [main] com.zaxxer.hikari.pool.HikariPool        : HikariPool-1 - Added connection com.mysql.cj.jdbc.ConnectionImpl@432af457
2024-07-12T16:40:32.176+02:00  INFO 30952 --- [projectJPA] [main] com.zaxxer.hikari.HikariDataSource       : HikariPool-1 - Start completed.
2024-07-12T16:40:32.269+02:00  INFO 30952 --- [projectJPA] [main] o.hibernate.jpa.internal.util.LogHelper  : HHH000204: Processing PersistenceUnitInfo [name: default]
2024-07-12T16:40:32.370+02:00  INFO 30952 --- [projectJPA] [main] org.hibernate.Version                    : HHH000412: Hibernate ORM core version 6.4.9.Final
2024-07-12T16:40:32.423+02:00  INFO 30952 --- [projectJPA] [main] o.h.c.internal.RegionFactoryInitiator    : HHH000026: Second-level cache disabled
2024-07-12T16:40:32.832+02:00  INFO 30952 --- [projectJPA] [main] o.s.o.j.p.SpringPersistenceUnitInfo      : No LoadTimeWeaver setup: ignoring JPA class transformer
2024-07-12T16:40:34.312+02:00  INFO 30952 --- [projectJPA] [main] o.h.e.t.j.p.i.JtaPlatformInitiator       : HHH000489: No JTA platform available (set 'hibernate.transaction.jta.platform' to enable JTA platform integration)
2024-07-12T16:40:34.349+02:00  INFO 30952 --- [projectJPA] [main] j.LocalContainerEntityManagerFactoryBean : Initialized JPA EntityManagerFactory for persistence unit 'default'
2024-07-12T16:40:34.879+02:00  INFO 30952 --- [projectJPA] [main] o.s.d.j.r.query.QueryEnhancerFactory     : Hibernate is in classpath; If applicable, HQL parser will be used.
2024-07-12T16:40:35.567+02:00  WARN 30952 --- [projectJPA] [main] JpaBaseConfiguration$JpaWebConfiguration : spring.jpa.open-in-view is enabled by default. Therefore, database queries may be performed during view rendering. Explicitly configure spring.jpa.open-in-view to disable this warning
2024-07-12T16:40:36.258+02:00  INFO 30952 --- [projectJPA] [main] o.s.b.w.embedded.tomcat.TomcatWebServer  : Tomcat started on port 8080 (http) with context path ''
2024-07-12T16:40:36.282+02:00  INFO 30952 --- [projectJPA] [main] com.betacom.jpa.JpaApplication           : Started JpaApplication in 7.378 seconds (process running for 7.873)
2024-07-12T16:40:58.291+02:00  INFO 30952 --- [projectJPA] [http-nio-8080-exec-1] o.a.c.c.C.[Tomcat].[localhost].[/]       : Initializing Spring DispatcherServlet 'dispatcherServlet'
2024-07-12T16:40:58.292+02:00  INFO 30952 --- [projectJPA] [http-nio-8080-exec-1] o.s.web.servlet.DispatcherServlet        : Initializing Servlet 'dispatcherServlet'
2024-07-12T16:40:58.294+02:00  INFO 30952 --- [projectJPA] [http-nio-8080-exec-1] o.s.web.servlet.DispatcherServlet        : Completed initialization in 2 ms
2024-07-12T16:44:02.167+02:00  WARN 30952 --- [projectJPA] [HikariPool-1 housekeeper] com.zaxxer.hikari.pool.HikariPool        : HikariPool-1 - Retrograde clock change detected (housekeeper delta=29s871ms), soft-evicting connections from pool.
2024-07-12T17:55:02.951+02:00  INFO 30952 --- [projectJPA] [SpringApplicationShutdownHook] j.LocalContainerEntityManagerFactoryBean : Closing JPA EntityManagerFactory for persistence unit 'default'
2024-07-12T17:55:02.955+02:00  INFO 30952 --- [projectJPA] [SpringApplicationShutdownHook] com.zaxxer.hikari.HikariDataSource       : HikariPool-1 - Shutdown initiated...
2024-07-12T17:55:02.959+02:00  INFO 30952 --- [projectJPA] [SpringApplicationShutdownHook] com.zaxxer.hikari.HikariDataSource       : HikariPool-1 - Shutdown completed.
2024-07-12T17:56:24.210+02:00  INFO 35014 --- [projectJPA] [main] com.betacom.jpa.JpaApplication           : Starting JpaApplication using Java 17.0.10 with PID 35014 (/Users/gerard/projets/corsi/academy/projectJPA/target/classes started by gerard in /Users/gerard/projets/corsi/academy/projectJPA)
2024-07-12T17:56:24.213+02:00 DEBUG 35014 --- [projectJPA] [main] com.betacom.jpa.JpaApplication           : Running with Spring Boot v3.2.7, Spring v6.1.10
2024-07-12T17:56:24.214+02:00  INFO 35014 --- [projectJPA] [main] com.betacom.jpa.JpaApplication           : No active profile set, falling back to 1 default profile: "default"
2024-07-12T17:56:24.929+02:00  INFO 35014 --- [projectJPA] [main] .s.d.r.c.RepositoryConfigurationDelegate : Bootstrapping Spring Data JPA repositories in DEFAULT mode.
2024-07-12T17:56:24.999+02:00  INFO 35014 --- [projectJPA] [main] .s.d.r.c.RepositoryConfigurationDelegate : Finished Spring Data repository scanning in 61 ms. Found 4 JPA repository interfaces.
2024-07-12T17:56:25.563+02:00  INFO 35014 --- [projectJPA] [main] o.s.b.w.embedded.tomcat.TomcatWebServer  : Tomcat initialized with port 8080 (http)
2024-07-12T17:56:25.576+02:00  INFO 35014 --- [projectJPA] [main] o.apache.catalina.core.StandardService   : Starting service [Tomcat]
2024-07-12T17:56:25.576+02:00  INFO 35014 --- [projectJPA] [main] o.apache.catalina.core.StandardEngine    : Starting Servlet engine: [Apache Tomcat/10.1.25]
2024-07-12T17:56:25.640+02:00  INFO 35014 --- [projectJPA] [main] o.a.c.c.C.[Tomcat].[localhost].[/]       : Initializing Spring embedded WebApplicationContext
2024-07-12T17:56:25.641+02:00  INFO 35014 --- [projectJPA] [main] w.s.c.ServletWebServerApplicationContext : Root WebApplicationContext: initialization completed in 1369 ms
2024-07-12T17:56:25.798+02:00  INFO 35014 --- [projectJPA] [main] com.zaxxer.hikari.HikariDataSource       : HikariPool-1 - Starting...
2024-07-12T17:56:26.135+02:00  INFO 35014 --- [projectJPA] [main] com.zaxxer.hikari.pool.HikariPool        : HikariPool-1 - Added connection com.mysql.cj.jdbc.ConnectionImpl@2282400e
2024-07-12T17:56:26.137+02:00  INFO 35014 --- [projectJPA] [main] com.zaxxer.hikari.HikariDataSource       : HikariPool-1 - Start completed.
2024-07-12T17:56:26.183+02:00  INFO 35014 --- [projectJPA] [main] o.hibernate.jpa.internal.util.LogHelper  : HHH000204: Processing PersistenceUnitInfo [name: default]
2024-07-12T17:56:26.242+02:00  INFO 35014 --- [projectJPA] [main] org.hibernate.Version                    : HHH000412: Hibernate ORM core version 6.4.9.Final
2024-07-12T17:56:26.284+02:00  INFO 35014 --- [projectJPA] [main] o.h.c.internal.RegionFactoryInitiator    : HHH000026: Second-level cache disabled
2024-07-12T17:56:26.527+02:00  INFO 35014 --- [projectJPA] [main] o.s.o.j.p.SpringPersistenceUnitInfo      : No LoadTimeWeaver setup: ignoring JPA class transformer
2024-07-12T17:56:27.526+02:00  INFO 35014 --- [projectJPA] [main] o.h.e.t.j.p.i.JtaPlatformInitiator       : HHH000489: No JTA platform available (set 'hibernate.transaction.jta.platform' to enable JTA platform integration)
2024-07-12T17:56:27.558+02:00  INFO 35014 --- [projectJPA] [main] j.LocalContainerEntityManagerFactoryBean : Initialized JPA EntityManagerFactory for persistence unit 'default'
2024-07-12T17:56:27.898+02:00  INFO 35014 --- [projectJPA] [main] o.s.d.j.r.query.QueryEnhancerFactory     : Hibernate is in classpath; If applicable, HQL parser will be used.
2024-07-12T17:56:28.293+02:00  WARN 35014 --- [projectJPA] [main] JpaBaseConfiguration$JpaWebConfiguration : spring.jpa.open-in-view is enabled by default. Therefore, database queries may be performed during view rendering. Explicitly configure spring.jpa.open-in-view to disable this warning
2024-07-12T17:56:28.630+02:00  INFO 35014 --- [projectJPA] [main] o.s.b.w.embedded.tomcat.TomcatWebServer  : Tomcat started on port 8080 (http) with context path ''
2024-07-12T17:56:28.641+02:00  INFO 35014 --- [projectJPA] [main] com.betacom.jpa.JpaApplication           : Started JpaApplication in 4.867 seconds (process running for 5.257)
2024-07-12T17:59:34.833+02:00  INFO 35014 --- [projectJPA] [http-nio-8080-exec-2] o.a.c.c.C.[Tomcat].[localhost].[/]       : Initializing Spring DispatcherServlet 'dispatcherServlet'
2024-07-12T17:59:34.833+02:00  INFO 35014 --- [projectJPA] [http-nio-8080-exec-2] o.s.web.servlet.DispatcherServlet        : Initializing Servlet 'dispatcherServlet'
2024-07-12T17:59:34.835+02:00  INFO 35014 --- [projectJPA] [http-nio-8080-exec-2] o.s.web.servlet.DispatcherServlet        : Completed initialization in 1 ms
2024-07-12T17:59:34.853+02:00  WARN 35014 --- [projectJPA] [http-nio-8080-exec-2] .w.s.m.s.DefaultHandlerExceptionResolver : Resolved [org.springframework.web.HttpRequestMethodNotSupportedException: Request method 'POST' is not supported]
2024-07-12T18:03:36.527+02:00 DEBUG 35014 --- [projectJPA] [http-nio-8080-exec-6] c.b.j.s.i.CertificatoServiceImpl         : Begin create :com.betacom.jpa.request.CertificatoReq@2d9230cd
2024-07-12T18:03:36.542+02:00 DEBUG 35014 --- [projectJPA] [http-nio-8080-exec-6] c.b.j.s.i.CertificatoServiceImpl         : Creazione
2024-07-12T18:06:21.650+02:00  INFO 35014 --- [projectJPA] [SpringApplicationShutdownHook] j.LocalContainerEntityManagerFactoryBean : Closing JPA EntityManagerFactory for persistence unit 'default'
2024-07-12T18:06:21.654+02:00  INFO 35014 --- [projectJPA] [SpringApplicationShutdownHook] com.zaxxer.hikari.HikariDataSource       : HikariPool-1 - Shutdown initiated...
2024-07-12T18:06:21.661+02:00  INFO 35014 --- [projectJPA] [SpringApplicationShutdownHook] com.zaxxer.hikari.HikariDataSource       : HikariPool-1 - Shutdown completed.
2024-07-12T18:06:26.958+02:00  INFO 35535 --- [projectJPA] [main] com.betacom.jpa.JpaApplication           : Starting JpaApplication using Java 17.0.10 with PID 35535 (/Users/gerard/projets/corsi/academy/projectJPA/target/classes started by gerard in /Users/gerard/projets/corsi/academy/projectJPA)
2024-07-12T18:06:26.961+02:00 DEBUG 35535 --- [projectJPA] [main] com.betacom.jpa.JpaApplication           : Running with Spring Boot v3.2.7, Spring v6.1.10
2024-07-12T18:06:26.963+02:00  INFO 35535 --- [projectJPA] [main] com.betacom.jpa.JpaApplication           : No active profile set, falling back to 1 default profile: "default"
2024-07-12T18:06:27.838+02:00  INFO 35535 --- [projectJPA] [main] .s.d.r.c.RepositoryConfigurationDelegate : Bootstrapping Spring Data JPA repositories in DEFAULT mode.
2024-07-12T18:06:27.934+02:00  INFO 35535 --- [projectJPA] [main] .s.d.r.c.RepositoryConfigurationDelegate : Finished Spring Data repository scanning in 84 ms. Found 4 JPA repository interfaces.
2024-07-12T18:06:28.678+02:00  INFO 35535 --- [projectJPA] [main] o.s.b.w.embedded.tomcat.TomcatWebServer  : Tomcat initialized with port 8080 (http)
2024-07-12T18:06:28.696+02:00  INFO 35535 --- [projectJPA] [main] o.apache.catalina.core.StandardService   : Starting service [Tomcat]
2024-07-12T18:06:28.696+02:00  INFO 35535 --- [projectJPA] [main] o.apache.catalina.core.StandardEngine    : Starting Servlet engine: [Apache Tomcat/10.1.25]
2024-07-12T18:06:28.782+02:00  INFO 35535 --- [projectJPA] [main] o.a.c.c.C.[Tomcat].[localhost].[/]       : Initializing Spring embedded WebApplicationContext
2024-07-12T18:06:28.782+02:00  INFO 35535 --- [projectJPA] [main] w.s.c.ServletWebServerApplicationContext : Root WebApplicationContext: initialization completed in 1746 ms
2024-07-12T18:06:28.992+02:00  INFO 35535 --- [projectJPA] [main] com.zaxxer.hikari.HikariDataSource       : HikariPool-1 - Starting...
2024-07-12T18:06:29.454+02:00  INFO 35535 --- [projectJPA] [main] com.zaxxer.hikari.pool.HikariPool        : HikariPool-1 - Added connection com.mysql.cj.jdbc.ConnectionImpl@2282400e
2024-07-12T18:06:29.458+02:00  INFO 35535 --- [projectJPA] [main] com.zaxxer.hikari.HikariDataSource       : HikariPool-1 - Start completed.
2024-07-12T18:06:29.519+02:00  INFO 35535 --- [projectJPA] [main] o.hibernate.jpa.internal.util.LogHelper  : HHH000204: Processing PersistenceUnitInfo [name: default]
2024-07-12T18:06:29.599+02:00  INFO 35535 --- [projectJPA] [main] org.hibernate.Version                    : HHH000412: Hibernate ORM core version 6.4.9.Final
2024-07-12T18:06:29.653+02:00  INFO 35535 --- [projectJPA] [main] o.h.c.internal.RegionFactoryInitiator    : HHH000026: Second-level cache disabled
2024-07-12T18:06:29.989+02:00  INFO 35535 --- [projectJPA] [main] o.s.o.j.p.SpringPersistenceUnitInfo      : No LoadTimeWeaver setup: ignoring JPA class transformer
2024-07-12T18:06:31.354+02:00  INFO 35535 --- [projectJPA] [main] o.h.e.t.j.p.i.JtaPlatformInitiator       : HHH000489: No JTA platform available (set 'hibernate.transaction.jta.platform' to enable JTA platform integration)
2024-07-12T18:06:31.392+02:00  INFO 35535 --- [projectJPA] [main] j.LocalContainerEntityManagerFactoryBean : Initialized JPA EntityManagerFactory for persistence unit 'default'
2024-07-12T18:06:31.818+02:00  INFO 35535 --- [projectJPA] [main] o.s.d.j.r.query.QueryEnhancerFactory     : Hibernate is in classpath; If applicable, HQL parser will be used.
2024-07-12T18:06:32.313+02:00  WARN 35535 --- [projectJPA] [main] JpaBaseConfiguration$JpaWebConfiguration : spring.jpa.open-in-view is enabled by default. Therefore, database queries may be performed during view rendering. Explicitly configure spring.jpa.open-in-view to disable this warning
2024-07-12T18:06:32.781+02:00  INFO 35535 --- [projectJPA] [main] o.s.b.w.embedded.tomcat.TomcatWebServer  : Tomcat started on port 8080 (http) with context path ''
2024-07-12T18:06:32.793+02:00  INFO 35535 --- [projectJPA] [main] com.betacom.jpa.JpaApplication           : Started JpaApplication in 6.392 seconds (process running for 6.888)
2024-07-12T18:06:40.605+02:00  INFO 35535 --- [projectJPA] [http-nio-8080-exec-2] o.a.c.c.C.[Tomcat].[localhost].[/]       : Initializing Spring DispatcherServlet 'dispatcherServlet'
2024-07-12T18:06:40.606+02:00  INFO 35535 --- [projectJPA] [http-nio-8080-exec-2] o.s.web.servlet.DispatcherServlet        : Initializing Servlet 'dispatcherServlet'
2024-07-12T18:06:40.608+02:00  INFO 35535 --- [projectJPA] [http-nio-8080-exec-2] o.s.web.servlet.DispatcherServlet        : Completed initialization in 1 ms
2024-07-12T18:06:40.756+02:00 DEBUG 35535 --- [projectJPA] [http-nio-8080-exec-2] c.b.j.s.i.CertificatoServiceImpl         : Begin create :com.betacom.jpa.request.CertificatoReq@262153ab
2024-07-12T18:06:40.878+02:00 DEBUG 35535 --- [projectJPA] [http-nio-8080-exec-2] c.b.j.s.i.CertificatoServiceImpl         : Creazione
2024-07-12T18:09:29.278+02:00  INFO 35535 --- [projectJPA] [SpringApplicationShutdownHook] j.LocalContainerEntityManagerFactoryBean : Closing JPA EntityManagerFactory for persistence unit 'default'
2024-07-12T18:09:29.282+02:00  INFO 35535 --- [projectJPA] [SpringApplicationShutdownHook] com.zaxxer.hikari.HikariDataSource       : HikariPool-1 - Shutdown initiated...
2024-07-12T18:09:29.290+02:00  INFO 35535 --- [projectJPA] [SpringApplicationShutdownHook] com.zaxxer.hikari.HikariDataSource       : HikariPool-1 - Shutdown completed.
2024-07-12T18:09:36.049+02:00  INFO 35692 --- [projectJPA] [main] com.betacom.jpa.JpaApplication           : Starting JpaApplication using Java 17.0.10 with PID 35692 (/Users/gerard/projets/corsi/academy/projectJPA/target/classes started by gerard in /Users/gerard/projets/corsi/academy/projectJPA)
2024-07-12T18:09:36.052+02:00 DEBUG 35692 --- [projectJPA] [main] com.betacom.jpa.JpaApplication           : Running with Spring Boot v3.2.7, Spring v6.1.10
2024-07-12T18:09:36.054+02:00  INFO 35692 --- [projectJPA] [main] com.betacom.jpa.JpaApplication           : No active profile set, falling back to 1 default profile: "default"
2024-07-12T18:09:37.038+02:00  INFO 35692 --- [projectJPA] [main] .s.d.r.c.RepositoryConfigurationDelegate : Bootstrapping Spring Data JPA repositories in DEFAULT mode.
2024-07-12T18:09:37.147+02:00  INFO 35692 --- [projectJPA] [main] .s.d.r.c.RepositoryConfigurationDelegate : Finished Spring Data repository scanning in 97 ms. Found 4 JPA repository interfaces.
2024-07-12T18:09:37.944+02:00  INFO 35692 --- [projectJPA] [main] o.s.b.w.embedded.tomcat.TomcatWebServer  : Tomcat initialized with port 8080 (http)
2024-07-12T18:09:37.964+02:00  INFO 35692 --- [projectJPA] [main] o.apache.catalina.core.StandardService   : Starting service [Tomcat]
2024-07-12T18:09:37.965+02:00  INFO 35692 --- [projectJPA] [main] o.apache.catalina.core.StandardEngine    : Starting Servlet engine: [Apache Tomcat/10.1.25]
2024-07-12T18:09:38.058+02:00  INFO 35692 --- [projectJPA] [main] o.a.c.c.C.[Tomcat].[localhost].[/]       : Initializing Spring embedded WebApplicationContext
2024-07-12T18:09:38.058+02:00  INFO 35692 --- [projectJPA] [main] w.s.c.ServletWebServerApplicationContext : Root WebApplicationContext: initialization completed in 1918 ms
2024-07-12T18:09:38.283+02:00  INFO 35692 --- [projectJPA] [main] com.zaxxer.hikari.HikariDataSource       : HikariPool-1 - Starting...
2024-07-12T18:09:38.732+02:00  INFO 35692 --- [projectJPA] [main] com.zaxxer.hikari.pool.HikariPool        : HikariPool-1 - Added connection com.mysql.cj.jdbc.ConnectionImpl@543d5863
2024-07-12T18:09:38.736+02:00  INFO 35692 --- [projectJPA] [main] com.zaxxer.hikari.HikariDataSource       : HikariPool-1 - Start completed.
2024-07-12T18:09:38.798+02:00  INFO 35692 --- [projectJPA] [main] o.hibernate.jpa.internal.util.LogHelper  : HHH000204: Processing PersistenceUnitInfo [name: default]
2024-07-12T18:09:38.884+02:00  INFO 35692 --- [projectJPA] [main] org.hibernate.Version                    : HHH000412: Hibernate ORM core version 6.4.9.Final
2024-07-12T18:09:38.937+02:00  INFO 35692 --- [projectJPA] [main] o.h.c.internal.RegionFactoryInitiator    : HHH000026: Second-level cache disabled
2024-07-12T18:09:39.335+02:00  INFO 35692 --- [projectJPA] [main] o.s.o.j.p.SpringPersistenceUnitInfo      : No LoadTimeWeaver setup: ignoring JPA class transformer
2024-07-12T18:09:40.741+02:00  INFO 35692 --- [projectJPA] [main] o.h.e.t.j.p.i.JtaPlatformInitiator       : HHH000489: No JTA platform available (set 'hibernate.transaction.jta.platform' to enable JTA platform integration)
2024-07-12T18:09:40.780+02:00  INFO 35692 --- [projectJPA] [main] j.LocalContainerEntityManagerFactoryBean : Initialized JPA EntityManagerFactory for persistence unit 'default'
2024-07-12T18:09:41.254+02:00  INFO 35692 --- [projectJPA] [main] o.s.d.j.r.query.QueryEnhancerFactory     : Hibernate is in classpath; If applicable, HQL parser will be used.
2024-07-12T18:09:41.810+02:00  WARN 35692 --- [projectJPA] [main] JpaBaseConfiguration$JpaWebConfiguration : spring.jpa.open-in-view is enabled by default. Therefore, database queries may be performed during view rendering. Explicitly configure spring.jpa.open-in-view to disable this warning
2024-07-12T18:09:42.275+02:00  INFO 35692 --- [projectJPA] [main] o.s.b.w.embedded.tomcat.TomcatWebServer  : Tomcat started on port 8080 (http) with context path ''
2024-07-12T18:09:42.290+02:00  INFO 35692 --- [projectJPA] [main] com.betacom.jpa.JpaApplication           : Started JpaApplication in 6.875 seconds (process running for 7.426)
2024-07-12T18:09:51.694+02:00  INFO 35692 --- [projectJPA] [http-nio-8080-exec-2] o.a.c.c.C.[Tomcat].[localhost].[/]       : Initializing Spring DispatcherServlet 'dispatcherServlet'
2024-07-12T18:09:51.695+02:00  INFO 35692 --- [projectJPA] [http-nio-8080-exec-2] o.s.web.servlet.DispatcherServlet        : Initializing Servlet 'dispatcherServlet'
2024-07-12T18:09:51.697+02:00  INFO 35692 --- [projectJPA] [http-nio-8080-exec-2] o.s.web.servlet.DispatcherServlet        : Completed initialization in 1 ms
2024-07-12T18:09:51.875+02:00 DEBUG 35692 --- [projectJPA] [http-nio-8080-exec-2] c.b.j.s.i.CertificatoServiceImpl         : Begin create :null
2024-07-12T18:09:52.014+02:00 DEBUG 35692 --- [projectJPA] [http-nio-8080-exec-2] c.b.j.s.i.CertificatoServiceImpl         : Creazione
2024-07-12T18:11:06.048+02:00 DEBUG 35692 --- [projectJPA] [http-nio-8080-exec-5] c.b.j.s.i.CertificatoServiceImpl         : Begin create :12/04/2024
2024-07-12T18:11:06.056+02:00 DEBUG 35692 --- [projectJPA] [http-nio-8080-exec-5] c.b.j.s.i.CertificatoServiceImpl         : Creazione
2024-07-12T18:17:31.613+02:00  INFO 35692 --- [projectJPA] [SpringApplicationShutdownHook] j.LocalContainerEntityManagerFactoryBean : Closing JPA EntityManagerFactory for persistence unit 'default'
2024-07-12T18:17:31.616+02:00  INFO 35692 --- [projectJPA] [SpringApplicationShutdownHook] com.zaxxer.hikari.HikariDataSource       : HikariPool-1 - Shutdown initiated...
2024-07-12T18:17:31.622+02:00  INFO 35692 --- [projectJPA] [SpringApplicationShutdownHook] com.zaxxer.hikari.HikariDataSource       : HikariPool-1 - Shutdown completed.
