2024-07-12T11:05:44.340+02:00  INFO 12480 --- [projectJpaCar] [restartedMain] c.b.p.ProjectJpaCarApplication           : Starting ProjectJpaCarApplication using Java 17.0.11 with PID 12480 (C:\Users\Betacom\eclipse-workspace\projectJpaCar\target\classes started by Betacom in C:\Users\Betacom\eclipse-workspace\projectJpaCar)
2024-07-12T11:05:44.360+02:00  INFO 12480 --- [projectJpaCar] [restartedMain] c.b.p.ProjectJpaCarApplication           : No active profile set, falling back to 1 default profile: "default"
2024-07-12T11:05:44.507+02:00  INFO 12480 --- [projectJpaCar] [restartedMain] .e.DevToolsPropertyDefaultsPostProcessor : Devtools property defaults active! Set 'spring.devtools.add-properties' to 'false' to disable
2024-07-12T11:05:46.245+02:00  INFO 12480 --- [projectJpaCar] [restartedMain] .s.d.r.c.RepositoryConfigurationDelegate : Bootstrapping Spring Data JPA repositories in DEFAULT mode.
2024-07-12T11:05:46.472+02:00  INFO 12480 --- [projectJpaCar] [restartedMain] .s.d.r.c.RepositoryConfigurationDelegate : Finished Spring Data repository scanning in 214 ms. Found 9 JPA repository interfaces.
2024-07-12T11:05:47.458+02:00  INFO 12480 --- [projectJpaCar] [restartedMain] com.zaxxer.hikari.HikariDataSource       : HikariPool-1 - Starting...
2024-07-12T11:05:50.527+02:00  INFO 12480 --- [projectJpaCar] [restartedMain] com.zaxxer.hikari.pool.HikariPool        : HikariPool-1 - Added connection com.mysql.cj.jdbc.ConnectionImpl@2d972dfd
2024-07-12T11:05:50.534+02:00  INFO 12480 --- [projectJpaCar] [restartedMain] com.zaxxer.hikari.HikariDataSource       : HikariPool-1 - Start completed.
2024-07-12T11:05:50.656+02:00  INFO 12480 --- [projectJpaCar] [restartedMain] o.hibernate.jpa.internal.util.LogHelper  : HHH000204: Processing PersistenceUnitInfo [name: default]
2024-07-12T11:05:50.860+02:00  INFO 12480 --- [projectJpaCar] [restartedMain] org.hibernate.Version                    : HHH000412: Hibernate ORM core version 6.4.9.Final
2024-07-12T11:05:50.981+02:00  INFO 12480 --- [projectJpaCar] [restartedMain] o.h.c.internal.RegionFactoryInitiator    : HHH000026: Second-level cache disabled
2024-07-12T11:05:52.457+02:00  INFO 12480 --- [projectJpaCar] [restartedMain] o.s.o.j.p.SpringPersistenceUnitInfo      : No LoadTimeWeaver setup: ignoring JPA class transformer
2024-07-12T11:05:55.383+02:00  INFO 12480 --- [projectJpaCar] [restartedMain] o.h.e.t.j.p.i.JtaPlatformInitiator       : HHH000489: No JTA platform available (set 'hibernate.transaction.jta.platform' to enable JTA platform integration)
2024-07-12T11:05:55.526+02:00  INFO 12480 --- [projectJpaCar] [restartedMain] j.LocalContainerEntityManagerFactoryBean : Initialized JPA EntityManagerFactory for persistence unit 'default'
2024-07-12T11:05:57.031+02:00  INFO 12480 --- [projectJpaCar] [restartedMain] o.s.b.d.a.OptionalLiveReloadServer       : LiveReload server is running on port 35729
2024-07-12T11:05:57.224+02:00  INFO 12480 --- [projectJpaCar] [restartedMain] c.b.p.ProjectJpaCarApplication           : Started ProjectJpaCarApplication in 14.105 seconds (process running for 19.331)
2024-07-12T11:05:57.493+02:00 DEBUG 12480 --- [projectJpaCar] [restartedMain] org.hibernate.SQL                        : 
    select
        v1_0.id,
        b1_0.id,
        a1_0.id,
        a1_0.descrizione,
        b1_0.assistita,
        b1_0.pieghevole,
        c1_0.id,
        c1_0.descrizione,
        m1_0.id,
        m1_0.cilindrata,
        m1_0.numero_porte,
        m1_0.targa,
        m2_0.id,
        m2_0.descrizione,
        m3_0.id,
        m3_0.cilindrata,
        m3_0.targa,
        v1_0.numero_posti,
        v1_0.numero_ruote,
        t1_0.id,
        t1_0.descrizione,
        t2_0.id,
        t2_0.descrizione 
    from
        veicolo v1_0 
    left join
        bici b1_0 
            on b1_0.id=v1_0.bic_id 
    left join
        ammortizzatore a1_0 
            on a1_0.id=b1_0.ammortizzatore 
    left join
        colore c1_0 
            on c1_0.id=v1_0.id_code_colore 
    left join
        macchina m1_0 
            on m1_0.id=v1_0.macchina_id 
    left join
        marca m2_0 
            on m2_0.id=v1_0.id_code_marca 
    left join
        moto m3_0 
            on m3_0.id=v1_0.moto_id 
    left join
        tipo_alimentazione t1_0 
            on t1_0.id=v1_0.id_tipo_alimentazione 
    left join
        tipo_veicolo t2_0 
            on t2_0.id=v1_0.id_tipo_veicolo 
    where
        v1_0.id=?
2024-07-12T11:05:57.819+02:00 DEBUG 12480 --- [projectJpaCar] [restartedMain] org.hibernate.SQL                        : 
    select
        v1_0.id_tipo_veicolo,
        v1_0.id,
        b1_0.id,
        a1_0.id,
        a1_0.descrizione,
        b1_0.assistita,
        b1_0.pieghevole,
        c1_0.id,
        c1_0.descrizione,
        m1_0.id,
        m1_0.cilindrata,
        m1_0.numero_porte,
        m1_0.targa,
        m2_0.id,
        m2_0.descrizione,
        m3_0.id,
        m3_0.cilindrata,
        m3_0.targa,
        v1_0.numero_posti,
        v1_0.numero_ruote,
        t1_0.id,
        t1_0.descrizione 
    from
        veicolo v1_0 
    left join
        bici b1_0 
            on b1_0.id=v1_0.bic_id 
    left join
        ammortizzatore a1_0 
            on a1_0.id=b1_0.ammortizzatore 
    left join
        colore c1_0 
            on c1_0.id=v1_0.id_code_colore 
    left join
        macchina m1_0 
            on m1_0.id=v1_0.macchina_id 
    left join
        marca m2_0 
            on m2_0.id=v1_0.id_code_marca 
    left join
        moto m3_0 
            on m3_0.id=v1_0.moto_id 
    left join
        tipo_alimentazione t1_0 
            on t1_0.id=v1_0.id_tipo_alimentazione 
    where
        v1_0.id_tipo_veicolo=?
2024-07-12T11:05:57.951+02:00 DEBUG 12480 --- [projectJpaCar] [restartedMain] org.hibernate.SQL                        : 
    select
        v1_0.id_code_marca,
        v1_0.id,
        b1_0.id,
        a1_0.id,
        a1_0.descrizione,
        b1_0.assistita,
        b1_0.pieghevole,
        c1_0.id,
        c1_0.descrizione,
        m1_0.id,
        m1_0.cilindrata,
        m1_0.numero_porte,
        m1_0.targa,
        m3_0.id,
        m3_0.cilindrata,
        m3_0.targa,
        v1_0.numero_posti,
        v1_0.numero_ruote,
        t1_0.id,
        t1_0.descrizione,
        t2_0.id,
        t2_0.descrizione 
    from
        veicolo v1_0 
    left join
        bici b1_0 
            on b1_0.id=v1_0.bic_id 
    left join
        ammortizzatore a1_0 
            on a1_0.id=b1_0.ammortizzatore 
    left join
        colore c1_0 
            on c1_0.id=v1_0.id_code_colore 
    left join
        macchina m1_0 
            on m1_0.id=v1_0.macchina_id 
    left join
        moto m3_0 
            on m3_0.id=v1_0.moto_id 
    left join
        tipo_alimentazione t1_0 
            on t1_0.id=v1_0.id_tipo_alimentazione 
    left join
        tipo_veicolo t2_0 
            on t2_0.id=v1_0.id_tipo_veicolo 
    where
        v1_0.id_code_marca=?
2024-07-12T11:05:57.959+02:00 DEBUG 12480 --- [projectJpaCar] [restartedMain] org.hibernate.SQL                        : 
    select
        v1_0.id_code_colore,
        v1_0.id,
        b1_0.id,
        a1_0.id,
        a1_0.descrizione,
        b1_0.assistita,
        b1_0.pieghevole,
        m1_0.id,
        m1_0.cilindrata,
        m1_0.numero_porte,
        m1_0.targa,
        m2_0.id,
        m2_0.descrizione,
        m3_0.id,
        m3_0.cilindrata,
        m3_0.targa,
        v1_0.numero_posti,
        v1_0.numero_ruote,
        t1_0.id,
        t1_0.descrizione,
        t2_0.id,
        t2_0.descrizione 
    from
        veicolo v1_0 
    left join
        bici b1_0 
            on b1_0.id=v1_0.bic_id 
    left join
        ammortizzatore a1_0 
            on a1_0.id=b1_0.ammortizzatore 
    left join
        macchina m1_0 
            on m1_0.id=v1_0.macchina_id 
    left join
        marca m2_0 
            on m2_0.id=v1_0.id_code_marca 
    left join
        moto m3_0 
            on m3_0.id=v1_0.moto_id 
    left join
        tipo_alimentazione t1_0 
            on t1_0.id=v1_0.id_tipo_alimentazione 
    left join
        tipo_veicolo t2_0 
            on t2_0.id=v1_0.id_tipo_veicolo 
    where
        v1_0.id_code_colore=?
2024-07-12T11:05:57.970+02:00 DEBUG 12480 --- [projectJpaCar] [restartedMain] org.hibernate.SQL                        : 
    select
        b1_0.ammortizzatore,
        b1_0.id,
        b1_0.assistita,
        b1_0.pieghevole,
        v1_0.id,
        c1_0.id,
        c1_0.descrizione,
        m1_0.id,
        m1_0.cilindrata,
        m1_0.numero_porte,
        m1_0.targa,
        m2_0.id,
        m2_0.descrizione,
        m3_0.id,
        m3_0.cilindrata,
        m3_0.targa,
        v1_0.numero_posti,
        v1_0.numero_ruote,
        t1_0.id,
        t1_0.descrizione,
        t2_0.id,
        t2_0.descrizione 
    from
        bici b1_0 
    left join
        veicolo v1_0 
            on b1_0.id=v1_0.bic_id 
    left join
        colore c1_0 
            on c1_0.id=v1_0.id_code_colore 
    left join
        macchina m1_0 
            on m1_0.id=v1_0.macchina_id 
    left join
        marca m2_0 
            on m2_0.id=v1_0.id_code_marca 
    left join
        moto m3_0 
            on m3_0.id=v1_0.moto_id 
    left join
        tipo_alimentazione t1_0 
            on t1_0.id=v1_0.id_tipo_alimentazione 
    left join
        tipo_veicolo t2_0 
            on t2_0.id=v1_0.id_tipo_veicolo 
    where
        b1_0.ammortizzatore=?
2024-07-12T11:05:57.982+02:00 DEBUG 12480 --- [projectJpaCar] [restartedMain] org.hibernate.SQL                        : 
    select
        v1_0.id_tipo_alimentazione,
        v1_0.id,
        b1_0.id,
        a1_0.id,
        a1_0.descrizione,
        b1_0.assistita,
        b1_0.pieghevole,
        c1_0.id,
        c1_0.descrizione,
        m1_0.id,
        m1_0.cilindrata,
        m1_0.numero_porte,
        m1_0.targa,
        m2_0.id,
        m2_0.descrizione,
        m3_0.id,
        m3_0.cilindrata,
        m3_0.targa,
        v1_0.numero_posti,
        v1_0.numero_ruote,
        t2_0.id,
        t2_0.descrizione 
    from
        veicolo v1_0 
    left join
        bici b1_0 
            on b1_0.id=v1_0.bic_id 
    left join
        ammortizzatore a1_0 
            on a1_0.id=b1_0.ammortizzatore 
    left join
        colore c1_0 
            on c1_0.id=v1_0.id_code_colore 
    left join
        macchina m1_0 
            on m1_0.id=v1_0.macchina_id 
    left join
        marca m2_0 
            on m2_0.id=v1_0.id_code_marca 
    left join
        moto m3_0 
            on m3_0.id=v1_0.moto_id 
    left join
        tipo_veicolo t2_0 
            on t2_0.id=v1_0.id_tipo_veicolo 
    where
        v1_0.id_tipo_alimentazione=?
2024-07-12T11:05:57.993+02:00 DEBUG 12480 --- [projectJpaCar] [restartedMain] org.hibernate.SQL                        : 
    select
        v1_0.id_code_marca,
        v1_0.id,
        b1_0.id,
        a1_0.id,
        a1_0.descrizione,
        b1_0.assistita,
        b1_0.pieghevole,
        c1_0.id,
        c1_0.descrizione,
        m1_0.id,
        m1_0.cilindrata,
        m1_0.numero_porte,
        m1_0.targa,
        m3_0.id,
        m3_0.cilindrata,
        m3_0.targa,
        v1_0.numero_posti,
        v1_0.numero_ruote,
        t1_0.id,
        t1_0.descrizione,
        t2_0.id,
        t2_0.descrizione 
    from
        veicolo v1_0 
    left join
        bici b1_0 
            on b1_0.id=v1_0.bic_id 
    left join
        ammortizzatore a1_0 
            on a1_0.id=b1_0.ammortizzatore 
    left join
        colore c1_0 
            on c1_0.id=v1_0.id_code_colore 
    left join
        macchina m1_0 
            on m1_0.id=v1_0.macchina_id 
    left join
        moto m3_0 
            on m3_0.id=v1_0.moto_id 
    left join
        tipo_alimentazione t1_0 
            on t1_0.id=v1_0.id_tipo_alimentazione 
    left join
        tipo_veicolo t2_0 
            on t2_0.id=v1_0.id_tipo_veicolo 
    where
        v1_0.id_code_marca=?
2024-07-12T11:05:58.004+02:00 DEBUG 12480 --- [projectJpaCar] [restartedMain] org.hibernate.SQL                        : 
    select
        v1_0.id_code_colore,
        v1_0.id,
        b1_0.id,
        a1_0.id,
        a1_0.descrizione,
        b1_0.assistita,
        b1_0.pieghevole,
        m1_0.id,
        m1_0.cilindrata,
        m1_0.numero_porte,
        m1_0.targa,
        m2_0.id,
        m2_0.descrizione,
        m3_0.id,
        m3_0.cilindrata,
        m3_0.targa,
        v1_0.numero_posti,
        v1_0.numero_ruote,
        t1_0.id,
        t1_0.descrizione,
        t2_0.id,
        t2_0.descrizione 
    from
        veicolo v1_0 
    left join
        bici b1_0 
            on b1_0.id=v1_0.bic_id 
    left join
        ammortizzatore a1_0 
            on a1_0.id=b1_0.ammortizzatore 
    left join
        macchina m1_0 
            on m1_0.id=v1_0.macchina_id 
    left join
        marca m2_0 
            on m2_0.id=v1_0.id_code_marca 
    left join
        moto m3_0 
            on m3_0.id=v1_0.moto_id 
    left join
        tipo_alimentazione t1_0 
            on t1_0.id=v1_0.id_tipo_alimentazione 
    left join
        tipo_veicolo t2_0 
            on t2_0.id=v1_0.id_tipo_veicolo 
    where
        v1_0.id_code_colore=?
2024-07-12T11:05:58.051+02:00 DEBUG 12480 --- [projectJpaCar] [restartedMain] org.hibernate.SQL                        : 
    select
        c1_0.id,
        c1_0.descrizione,
        v1_0.id_code_colore,
        v1_0.id,
        b1_0.id,
        b1_0.ammortizzatore,
        b1_0.assistita,
        b1_0.pieghevole,
        m1_0.id,
        m1_0.cilindrata,
        m1_0.numero_porte,
        m1_0.targa,
        m2_0.id,
        m2_0.descrizione,
        m3_0.id,
        m3_0.cilindrata,
        m3_0.targa,
        v1_0.numero_posti,
        v1_0.numero_ruote,
        t1_0.id,
        t1_0.descrizione,
        t2_0.id,
        t2_0.descrizione 
    from
        colore c1_0 
    left join
        veicolo v1_0 
            on c1_0.id=v1_0.id_code_colore 
    left join
        bici b1_0 
            on b1_0.id=v1_0.bic_id 
    left join
        macchina m1_0 
            on m1_0.id=v1_0.macchina_id 
    left join
        marca m2_0 
            on m2_0.id=v1_0.id_code_marca 
    left join
        moto m3_0 
            on m3_0.id=v1_0.moto_id 
    left join
        tipo_alimentazione t1_0 
            on t1_0.id=v1_0.id_tipo_alimentazione 
    left join
        tipo_veicolo t2_0 
            on t2_0.id=v1_0.id_tipo_veicolo 
    where
        c1_0.id=?
2024-07-12T11:05:58.059+02:00 DEBUG 12480 --- [projectJpaCar] [restartedMain] org.hibernate.SQL                        : 
    select
        v1_0.id_tipo_veicolo,
        v1_0.id,
        b1_0.id,
        a1_0.id,
        a1_0.descrizione,
        b1_0.assistita,
        b1_0.pieghevole,
        c1_0.id,
        c1_0.descrizione,
        m1_0.id,
        m1_0.cilindrata,
        m1_0.numero_porte,
        m1_0.targa,
        m2_0.id,
        m2_0.descrizione,
        m3_0.id,
        m3_0.cilindrata,
        m3_0.targa,
        v1_0.numero_posti,
        v1_0.numero_ruote,
        t1_0.id,
        t1_0.descrizione 
    from
        veicolo v1_0 
    left join
        bici b1_0 
            on b1_0.id=v1_0.bic_id 
    left join
        ammortizzatore a1_0 
            on a1_0.id=b1_0.ammortizzatore 
    left join
        colore c1_0 
            on c1_0.id=v1_0.id_code_colore 
    left join
        macchina m1_0 
            on m1_0.id=v1_0.macchina_id 
    left join
        marca m2_0 
            on m2_0.id=v1_0.id_code_marca 
    left join
        moto m3_0 
            on m3_0.id=v1_0.moto_id 
    left join
        tipo_alimentazione t1_0 
            on t1_0.id=v1_0.id_tipo_alimentazione 
    where
        v1_0.id_tipo_veicolo=?
2024-07-12T11:05:58.079+02:00 DEBUG 12480 --- [projectJpaCar] [restartedMain] org.hibernate.SQL                        : 
    select
        v1_0.id_code_marca,
        v1_0.id,
        b1_0.id,
        a1_0.id,
        a1_0.descrizione,
        b1_0.assistita,
        b1_0.pieghevole,
        c1_0.id,
        c1_0.descrizione,
        m1_0.id,
        m1_0.cilindrata,
        m1_0.numero_porte,
        m1_0.targa,
        m3_0.id,
        m3_0.cilindrata,
        m3_0.targa,
        v1_0.numero_posti,
        v1_0.numero_ruote,
        t1_0.id,
        t1_0.descrizione,
        t2_0.id,
        t2_0.descrizione 
    from
        veicolo v1_0 
    left join
        bici b1_0 
            on b1_0.id=v1_0.bic_id 
    left join
        ammortizzatore a1_0 
            on a1_0.id=b1_0.ammortizzatore 
    left join
        colore c1_0 
            on c1_0.id=v1_0.id_code_colore 
    left join
        macchina m1_0 
            on m1_0.id=v1_0.macchina_id 
    left join
        moto m3_0 
            on m3_0.id=v1_0.moto_id 
    left join
        tipo_alimentazione t1_0 
            on t1_0.id=v1_0.id_tipo_alimentazione 
    left join
        tipo_veicolo t2_0 
            on t2_0.id=v1_0.id_tipo_veicolo 
    where
        v1_0.id_code_marca=?
2024-07-12T11:05:58.087+02:00 DEBUG 12480 --- [projectJpaCar] [restartedMain] org.hibernate.SQL                        : 
    select
        v1_0.id_code_colore,
        v1_0.id,
        b1_0.id,
        a1_0.id,
        a1_0.descrizione,
        b1_0.assistita,
        b1_0.pieghevole,
        m1_0.id,
        m1_0.cilindrata,
        m1_0.numero_porte,
        m1_0.targa,
        m2_0.id,
        m2_0.descrizione,
        m3_0.id,
        m3_0.cilindrata,
        m3_0.targa,
        v1_0.numero_posti,
        v1_0.numero_ruote,
        t1_0.id,
        t1_0.descrizione,
        t2_0.id,
        t2_0.descrizione 
    from
        veicolo v1_0 
    left join
        bici b1_0 
            on b1_0.id=v1_0.bic_id 
    left join
        ammortizzatore a1_0 
            on a1_0.id=b1_0.ammortizzatore 
    left join
        macchina m1_0 
            on m1_0.id=v1_0.macchina_id 
    left join
        marca m2_0 
            on m2_0.id=v1_0.id_code_marca 
    left join
        moto m3_0 
            on m3_0.id=v1_0.moto_id 
    left join
        tipo_alimentazione t1_0 
            on t1_0.id=v1_0.id_tipo_alimentazione 
    left join
        tipo_veicolo t2_0 
            on t2_0.id=v1_0.id_tipo_veicolo 
    where
        v1_0.id_code_colore=?
2024-07-12T11:05:58.091+02:00 DEBUG 12480 --- [projectJpaCar] [restartedMain] org.hibernate.SQL                        : 
    select
        b1_0.ammortizzatore,
        b1_0.id,
        b1_0.assistita,
        b1_0.pieghevole,
        v1_0.id,
        c1_0.id,
        c1_0.descrizione,
        m1_0.id,
        m1_0.cilindrata,
        m1_0.numero_porte,
        m1_0.targa,
        m2_0.id,
        m2_0.descrizione,
        m3_0.id,
        m3_0.cilindrata,
        m3_0.targa,
        v1_0.numero_posti,
        v1_0.numero_ruote,
        t1_0.id,
        t1_0.descrizione,
        t2_0.id,
        t2_0.descrizione 
    from
        bici b1_0 
    left join
        veicolo v1_0 
            on b1_0.id=v1_0.bic_id 
    left join
        colore c1_0 
            on c1_0.id=v1_0.id_code_colore 
    left join
        macchina m1_0 
            on m1_0.id=v1_0.macchina_id 
    left join
        marca m2_0 
            on m2_0.id=v1_0.id_code_marca 
    left join
        moto m3_0 
            on m3_0.id=v1_0.moto_id 
    left join
        tipo_alimentazione t1_0 
            on t1_0.id=v1_0.id_tipo_alimentazione 
    left join
        tipo_veicolo t2_0 
            on t2_0.id=v1_0.id_tipo_veicolo 
    where
        b1_0.ammortizzatore=?
2024-07-12T11:05:58.109+02:00 DEBUG 12480 --- [projectJpaCar] [restartedMain] org.hibernate.SQL                        : 
    select
        v1_0.id_tipo_alimentazione,
        v1_0.id,
        b1_0.id,
        a1_0.id,
        a1_0.descrizione,
        b1_0.assistita,
        b1_0.pieghevole,
        c1_0.id,
        c1_0.descrizione,
        m1_0.id,
        m1_0.cilindrata,
        m1_0.numero_porte,
        m1_0.targa,
        m2_0.id,
        m2_0.descrizione,
        m3_0.id,
        m3_0.cilindrata,
        m3_0.targa,
        v1_0.numero_posti,
        v1_0.numero_ruote,
        t2_0.id,
        t2_0.descrizione 
    from
        veicolo v1_0 
    left join
        bici b1_0 
            on b1_0.id=v1_0.bic_id 
    left join
        ammortizzatore a1_0 
            on a1_0.id=b1_0.ammortizzatore 
    left join
        colore c1_0 
            on c1_0.id=v1_0.id_code_colore 
    left join
        macchina m1_0 
            on m1_0.id=v1_0.macchina_id 
    left join
        marca m2_0 
            on m2_0.id=v1_0.id_code_marca 
    left join
        moto m3_0 
            on m3_0.id=v1_0.moto_id 
    left join
        tipo_veicolo t2_0 
            on t2_0.id=v1_0.id_tipo_veicolo 
    where
        v1_0.id_tipo_alimentazione=?
2024-07-12T11:05:58.149+02:00 DEBUG 12480 --- [projectJpaCar] [restartedMain] org.hibernate.SQL                        : 
    select
        v1_0.id_code_marca,
        v1_0.id,
        b1_0.id,
        a1_0.id,
        a1_0.descrizione,
        b1_0.assistita,
        b1_0.pieghevole,
        c1_0.id,
        c1_0.descrizione,
        m1_0.id,
        m1_0.cilindrata,
        m1_0.numero_porte,
        m1_0.targa,
        m3_0.id,
        m3_0.cilindrata,
        m3_0.targa,
        v1_0.numero_posti,
        v1_0.numero_ruote,
        t1_0.id,
        t1_0.descrizione,
        t2_0.id,
        t2_0.descrizione 
    from
        veicolo v1_0 
    left join
        bici b1_0 
            on b1_0.id=v1_0.bic_id 
    left join
        ammortizzatore a1_0 
            on a1_0.id=b1_0.ammortizzatore 
    left join
        colore c1_0 
            on c1_0.id=v1_0.id_code_colore 
    left join
        macchina m1_0 
            on m1_0.id=v1_0.macchina_id 
    left join
        moto m3_0 
            on m3_0.id=v1_0.moto_id 
    left join
        tipo_alimentazione t1_0 
            on t1_0.id=v1_0.id_tipo_alimentazione 
    left join
        tipo_veicolo t2_0 
            on t2_0.id=v1_0.id_tipo_veicolo 
    where
        v1_0.id_code_marca=?
2024-07-12T11:05:58.167+02:00 DEBUG 12480 --- [projectJpaCar] [restartedMain] org.hibernate.SQL                        : 
    select
        m1_0.id,
        m1_0.descrizione,
        v1_0.id_code_marca,
        v1_0.id,
        b1_0.id,
        b1_0.ammortizzatore,
        b1_0.assistita,
        b1_0.pieghevole,
        c1_0.id,
        c1_0.descrizione,
        m2_0.id,
        m2_0.cilindrata,
        m2_0.numero_porte,
        m2_0.targa,
        m3_0.id,
        m3_0.cilindrata,
        m3_0.targa,
        v1_0.numero_posti,
        v1_0.numero_ruote,
        t1_0.id,
        t1_0.descrizione,
        t2_0.id,
        t2_0.descrizione 
    from
        marca m1_0 
    left join
        veicolo v1_0 
            on m1_0.id=v1_0.id_code_marca 
    left join
        bici b1_0 
            on b1_0.id=v1_0.bic_id 
    left join
        colore c1_0 
            on c1_0.id=v1_0.id_code_colore 
    left join
        macchina m2_0 
            on m2_0.id=v1_0.macchina_id 
    left join
        moto m3_0 
            on m3_0.id=v1_0.moto_id 
    left join
        tipo_alimentazione t1_0 
            on t1_0.id=v1_0.id_tipo_alimentazione 
    left join
        tipo_veicolo t2_0 
            on t2_0.id=v1_0.id_tipo_veicolo 
    where
        m1_0.id=?
2024-07-12T11:05:58.173+02:00 DEBUG 12480 --- [projectJpaCar] [restartedMain] org.hibernate.SQL                        : 
    select
        v1_0.id_tipo_veicolo,
        v1_0.id,
        b1_0.id,
        a1_0.id,
        a1_0.descrizione,
        b1_0.assistita,
        b1_0.pieghevole,
        c1_0.id,
        c1_0.descrizione,
        m1_0.id,
        m1_0.cilindrata,
        m1_0.numero_porte,
        m1_0.targa,
        m2_0.id,
        m2_0.descrizione,
        m3_0.id,
        m3_0.cilindrata,
        m3_0.targa,
        v1_0.numero_posti,
        v1_0.numero_ruote,
        t1_0.id,
        t1_0.descrizione 
    from
        veicolo v1_0 
    left join
        bici b1_0 
            on b1_0.id=v1_0.bic_id 
    left join
        ammortizzatore a1_0 
            on a1_0.id=b1_0.ammortizzatore 
    left join
        colore c1_0 
            on c1_0.id=v1_0.id_code_colore 
    left join
        macchina m1_0 
            on m1_0.id=v1_0.macchina_id 
    left join
        marca m2_0 
            on m2_0.id=v1_0.id_code_marca 
    left join
        moto m3_0 
            on m3_0.id=v1_0.moto_id 
    left join
        tipo_alimentazione t1_0 
            on t1_0.id=v1_0.id_tipo_alimentazione 
    where
        v1_0.id_tipo_veicolo=?
2024-07-12T11:05:58.183+02:00 DEBUG 12480 --- [projectJpaCar] [restartedMain] org.hibernate.SQL                        : 
    select
        v1_0.id_code_marca,
        v1_0.id,
        b1_0.id,
        a1_0.id,
        a1_0.descrizione,
        b1_0.assistita,
        b1_0.pieghevole,
        c1_0.id,
        c1_0.descrizione,
        m1_0.id,
        m1_0.cilindrata,
        m1_0.numero_porte,
        m1_0.targa,
        m3_0.id,
        m3_0.cilindrata,
        m3_0.targa,
        v1_0.numero_posti,
        v1_0.numero_ruote,
        t1_0.id,
        t1_0.descrizione,
        t2_0.id,
        t2_0.descrizione 
    from
        veicolo v1_0 
    left join
        bici b1_0 
            on b1_0.id=v1_0.bic_id 
    left join
        ammortizzatore a1_0 
            on a1_0.id=b1_0.ammortizzatore 
    left join
        colore c1_0 
            on c1_0.id=v1_0.id_code_colore 
    left join
        macchina m1_0 
            on m1_0.id=v1_0.macchina_id 
    left join
        moto m3_0 
            on m3_0.id=v1_0.moto_id 
    left join
        tipo_alimentazione t1_0 
            on t1_0.id=v1_0.id_tipo_alimentazione 
    left join
        tipo_veicolo t2_0 
            on t2_0.id=v1_0.id_tipo_veicolo 
    where
        v1_0.id_code_marca=?
2024-07-12T11:05:58.189+02:00 DEBUG 12480 --- [projectJpaCar] [restartedMain] org.hibernate.SQL                        : 
    select
        v1_0.id_code_colore,
        v1_0.id,
        b1_0.id,
        a1_0.id,
        a1_0.descrizione,
        b1_0.assistita,
        b1_0.pieghevole,
        m1_0.id,
        m1_0.cilindrata,
        m1_0.numero_porte,
        m1_0.targa,
        m2_0.id,
        m2_0.descrizione,
        m3_0.id,
        m3_0.cilindrata,
        m3_0.targa,
        v1_0.numero_posti,
        v1_0.numero_ruote,
        t1_0.id,
        t1_0.descrizione,
        t2_0.id,
        t2_0.descrizione 
    from
        veicolo v1_0 
    left join
        bici b1_0 
            on b1_0.id=v1_0.bic_id 
    left join
        ammortizzatore a1_0 
            on a1_0.id=b1_0.ammortizzatore 
    left join
        macchina m1_0 
            on m1_0.id=v1_0.macchina_id 
    left join
        marca m2_0 
            on m2_0.id=v1_0.id_code_marca 
    left join
        moto m3_0 
            on m3_0.id=v1_0.moto_id 
    left join
        tipo_alimentazione t1_0 
            on t1_0.id=v1_0.id_tipo_alimentazione 
    left join
        tipo_veicolo t2_0 
            on t2_0.id=v1_0.id_tipo_veicolo 
    where
        v1_0.id_code_colore=?
2024-07-12T11:05:58.193+02:00 DEBUG 12480 --- [projectJpaCar] [restartedMain] org.hibernate.SQL                        : 
    select
        b1_0.ammortizzatore,
        b1_0.id,
        b1_0.assistita,
        b1_0.pieghevole,
        v1_0.id,
        c1_0.id,
        c1_0.descrizione,
        m1_0.id,
        m1_0.cilindrata,
        m1_0.numero_porte,
        m1_0.targa,
        m2_0.id,
        m2_0.descrizione,
        m3_0.id,
        m3_0.cilindrata,
        m3_0.targa,
        v1_0.numero_posti,
        v1_0.numero_ruote,
        t1_0.id,
        t1_0.descrizione,
        t2_0.id,
        t2_0.descrizione 
    from
        bici b1_0 
    left join
        veicolo v1_0 
            on b1_0.id=v1_0.bic_id 
    left join
        colore c1_0 
            on c1_0.id=v1_0.id_code_colore 
    left join
        macchina m1_0 
            on m1_0.id=v1_0.macchina_id 
    left join
        marca m2_0 
            on m2_0.id=v1_0.id_code_marca 
    left join
        moto m3_0 
            on m3_0.id=v1_0.moto_id 
    left join
        tipo_alimentazione t1_0 
            on t1_0.id=v1_0.id_tipo_alimentazione 
    left join
        tipo_veicolo t2_0 
            on t2_0.id=v1_0.id_tipo_veicolo 
    where
        b1_0.ammortizzatore=?
2024-07-12T11:05:58.213+02:00 DEBUG 12480 --- [projectJpaCar] [restartedMain] org.hibernate.SQL                        : 
    select
        v1_0.id_tipo_alimentazione,
        v1_0.id,
        b1_0.id,
        a1_0.id,
        a1_0.descrizione,
        b1_0.assistita,
        b1_0.pieghevole,
        c1_0.id,
        c1_0.descrizione,
        m1_0.id,
        m1_0.cilindrata,
        m1_0.numero_porte,
        m1_0.targa,
        m2_0.id,
        m2_0.descrizione,
        m3_0.id,
        m3_0.cilindrata,
        m3_0.targa,
        v1_0.numero_posti,
        v1_0.numero_ruote,
        t2_0.id,
        t2_0.descrizione 
    from
        veicolo v1_0 
    left join
        bici b1_0 
            on b1_0.id=v1_0.bic_id 
    left join
        ammortizzatore a1_0 
            on a1_0.id=b1_0.ammortizzatore 
    left join
        colore c1_0 
            on c1_0.id=v1_0.id_code_colore 
    left join
        macchina m1_0 
            on m1_0.id=v1_0.macchina_id 
    left join
        marca m2_0 
            on m2_0.id=v1_0.id_code_marca 
    left join
        moto m3_0 
            on m3_0.id=v1_0.moto_id 
    left join
        tipo_veicolo t2_0 
            on t2_0.id=v1_0.id_tipo_veicolo 
    where
        v1_0.id_tipo_alimentazione=?
2024-07-12T11:05:58.225+02:00 DEBUG 12480 --- [projectJpaCar] [restartedMain] org.hibernate.SQL                        : 
    select
        v1_0.id_code_colore,
        v1_0.id,
        b1_0.id,
        a1_0.id,
        a1_0.descrizione,
        b1_0.assistita,
        b1_0.pieghevole,
        m1_0.id,
        m1_0.cilindrata,
        m1_0.numero_porte,
        m1_0.targa,
        m2_0.id,
        m2_0.descrizione,
        m3_0.id,
        m3_0.cilindrata,
        m3_0.targa,
        v1_0.numero_posti,
        v1_0.numero_ruote,
        t1_0.id,
        t1_0.descrizione,
        t2_0.id,
        t2_0.descrizione 
    from
        veicolo v1_0 
    left join
        bici b1_0 
            on b1_0.id=v1_0.bic_id 
    left join
        ammortizzatore a1_0 
            on a1_0.id=b1_0.ammortizzatore 
    left join
        macchina m1_0 
            on m1_0.id=v1_0.macchina_id 
    left join
        marca m2_0 
            on m2_0.id=v1_0.id_code_marca 
    left join
        moto m3_0 
            on m3_0.id=v1_0.moto_id 
    left join
        tipo_alimentazione t1_0 
            on t1_0.id=v1_0.id_tipo_alimentazione 
    left join
        tipo_veicolo t2_0 
            on t2_0.id=v1_0.id_tipo_veicolo 
    where
        v1_0.id_code_colore=?
2024-07-12T11:05:58.252+02:00 DEBUG 12480 --- [projectJpaCar] [restartedMain] org.hibernate.SQL                        : 
    select
        ta1_0.id,
        ta1_0.descrizione,
        v1_0.id_tipo_alimentazione,
        v1_0.id,
        b1_0.id,
        b1_0.ammortizzatore,
        b1_0.assistita,
        b1_0.pieghevole,
        c1_0.id,
        c1_0.descrizione,
        m1_0.id,
        m1_0.cilindrata,
        m1_0.numero_porte,
        m1_0.targa,
        m2_0.id,
        m2_0.descrizione,
        m3_0.id,
        m3_0.cilindrata,
        m3_0.targa,
        v1_0.numero_posti,
        v1_0.numero_ruote,
        t1_0.id,
        t1_0.descrizione 
    from
        tipo_alimentazione ta1_0 
    left join
        veicolo v1_0 
            on ta1_0.id=v1_0.id_tipo_alimentazione 
    left join
        bici b1_0 
            on b1_0.id=v1_0.bic_id 
    left join
        colore c1_0 
            on c1_0.id=v1_0.id_code_colore 
    left join
        macchina m1_0 
            on m1_0.id=v1_0.macchina_id 
    left join
        marca m2_0 
            on m2_0.id=v1_0.id_code_marca 
    left join
        moto m3_0 
            on m3_0.id=v1_0.moto_id 
    left join
        tipo_veicolo t1_0 
            on t1_0.id=v1_0.id_tipo_veicolo 
    where
        ta1_0.id=?
2024-07-12T11:05:58.264+02:00 DEBUG 12480 --- [projectJpaCar] [restartedMain] org.hibernate.SQL                        : 
    select
        a1_0.id,
        a1_0.descrizione,
        b1_0.ammortizzatore,
        b1_0.id,
        b1_0.assistita,
        b1_0.pieghevole,
        v1_0.id,
        v1_0.id_code_colore,
        v1_0.macchina_id,
        v1_0.id_code_marca,
        v1_0.moto_id,
        v1_0.numero_posti,
        v1_0.numero_ruote,
        v1_0.id_tipo_alimentazione,
        v1_0.id_tipo_veicolo 
    from
        ammortizzatore a1_0 
    left join
        bici b1_0 
            on a1_0.id=b1_0.ammortizzatore 
    left join
        veicolo v1_0 
            on b1_0.id=v1_0.bic_id 
    where
        a1_0.id=?
2024-07-12T11:05:58.273+02:00 DEBUG 12480 --- [projectJpaCar] [restartedMain] org.hibernate.SQL                        : 
    select
        v1_0.id_code_marca,
        v1_0.id,
        b1_0.id,
        a1_0.id,
        a1_0.descrizione,
        b1_0.assistita,
        b1_0.pieghevole,
        c1_0.id,
        c1_0.descrizione,
        m1_0.id,
        m1_0.cilindrata,
        m1_0.numero_porte,
        m1_0.targa,
        m3_0.id,
        m3_0.cilindrata,
        m3_0.targa,
        v1_0.numero_posti,
        v1_0.numero_ruote,
        t1_0.id,
        t1_0.descrizione,
        t2_0.id,
        t2_0.descrizione 
    from
        veicolo v1_0 
    left join
        bici b1_0 
            on b1_0.id=v1_0.bic_id 
    left join
        ammortizzatore a1_0 
            on a1_0.id=b1_0.ammortizzatore 
    left join
        colore c1_0 
            on c1_0.id=v1_0.id_code_colore 
    left join
        macchina m1_0 
            on m1_0.id=v1_0.macchina_id 
    left join
        moto m3_0 
            on m3_0.id=v1_0.moto_id 
    left join
        tipo_alimentazione t1_0 
            on t1_0.id=v1_0.id_tipo_alimentazione 
    left join
        tipo_veicolo t2_0 
            on t2_0.id=v1_0.id_tipo_veicolo 
    where
        v1_0.id_code_marca=?
2024-07-12T11:05:58.284+02:00 DEBUG 12480 --- [projectJpaCar] [restartedMain] org.hibernate.SQL                        : 
    select
        v1_0.id_code_colore,
        v1_0.id,
        b1_0.id,
        a1_0.id,
        a1_0.descrizione,
        b1_0.assistita,
        b1_0.pieghevole,
        m1_0.id,
        m1_0.cilindrata,
        m1_0.numero_porte,
        m1_0.targa,
        m2_0.id,
        m2_0.descrizione,
        m3_0.id,
        m3_0.cilindrata,
        m3_0.targa,
        v1_0.numero_posti,
        v1_0.numero_ruote,
        t1_0.id,
        t1_0.descrizione,
        t2_0.id,
        t2_0.descrizione 
    from
        veicolo v1_0 
    left join
        bici b1_0 
            on b1_0.id=v1_0.bic_id 
    left join
        ammortizzatore a1_0 
            on a1_0.id=b1_0.ammortizzatore 
    left join
        macchina m1_0 
            on m1_0.id=v1_0.macchina_id 
    left join
        marca m2_0 
            on m2_0.id=v1_0.id_code_marca 
    left join
        moto m3_0 
            on m3_0.id=v1_0.moto_id 
    left join
        tipo_alimentazione t1_0 
            on t1_0.id=v1_0.id_tipo_alimentazione 
    left join
        tipo_veicolo t2_0 
            on t2_0.id=v1_0.id_tipo_veicolo 
    where
        v1_0.id_code_colore=?
2024-07-12T11:05:58.289+02:00 DEBUG 12480 --- [projectJpaCar] [restartedMain] org.hibernate.SQL                        : 
    select
        v1_0.id_tipo_veicolo,
        v1_0.id,
        b1_0.id,
        a1_0.id,
        a1_0.descrizione,
        b1_0.assistita,
        b1_0.pieghevole,
        c1_0.id,
        c1_0.descrizione,
        m1_0.id,
        m1_0.cilindrata,
        m1_0.numero_porte,
        m1_0.targa,
        m2_0.id,
        m2_0.descrizione,
        m3_0.id,
        m3_0.cilindrata,
        m3_0.targa,
        v1_0.numero_posti,
        v1_0.numero_ruote,
        t1_0.id,
        t1_0.descrizione 
    from
        veicolo v1_0 
    left join
        bici b1_0 
            on b1_0.id=v1_0.bic_id 
    left join
        ammortizzatore a1_0 
            on a1_0.id=b1_0.ammortizzatore 
    left join
        colore c1_0 
            on c1_0.id=v1_0.id_code_colore 
    left join
        macchina m1_0 
            on m1_0.id=v1_0.macchina_id 
    left join
        marca m2_0 
            on m2_0.id=v1_0.id_code_marca 
    left join
        moto m3_0 
            on m3_0.id=v1_0.moto_id 
    left join
        tipo_alimentazione t1_0 
            on t1_0.id=v1_0.id_tipo_alimentazione 
    where
        v1_0.id_tipo_veicolo=?
2024-07-12T11:05:58.302+02:00 DEBUG 12480 --- [projectJpaCar] [restartedMain] org.hibernate.SQL                        : 
    select
        v1_0.id_code_marca,
        v1_0.id,
        b1_0.id,
        a1_0.id,
        a1_0.descrizione,
        b1_0.assistita,
        b1_0.pieghevole,
        c1_0.id,
        c1_0.descrizione,
        m1_0.id,
        m1_0.cilindrata,
        m1_0.numero_porte,
        m1_0.targa,
        m3_0.id,
        m3_0.cilindrata,
        m3_0.targa,
        v1_0.numero_posti,
        v1_0.numero_ruote,
        t1_0.id,
        t1_0.descrizione,
        t2_0.id,
        t2_0.descrizione 
    from
        veicolo v1_0 
    left join
        bici b1_0 
            on b1_0.id=v1_0.bic_id 
    left join
        ammortizzatore a1_0 
            on a1_0.id=b1_0.ammortizzatore 
    left join
        colore c1_0 
            on c1_0.id=v1_0.id_code_colore 
    left join
        macchina m1_0 
            on m1_0.id=v1_0.macchina_id 
    left join
        moto m3_0 
            on m3_0.id=v1_0.moto_id 
    left join
        tipo_alimentazione t1_0 
            on t1_0.id=v1_0.id_tipo_alimentazione 
    left join
        tipo_veicolo t2_0 
            on t2_0.id=v1_0.id_tipo_veicolo 
    where
        v1_0.id_code_marca=?
2024-07-12T11:05:58.314+02:00 DEBUG 12480 --- [projectJpaCar] [restartedMain] org.hibernate.SQL                        : 
    select
        v1_0.id_code_colore,
        v1_0.id,
        b1_0.id,
        a1_0.id,
        a1_0.descrizione,
        b1_0.assistita,
        b1_0.pieghevole,
        m1_0.id,
        m1_0.cilindrata,
        m1_0.numero_porte,
        m1_0.targa,
        m2_0.id,
        m2_0.descrizione,
        m3_0.id,
        m3_0.cilindrata,
        m3_0.targa,
        v1_0.numero_posti,
        v1_0.numero_ruote,
        t1_0.id,
        t1_0.descrizione,
        t2_0.id,
        t2_0.descrizione 
    from
        veicolo v1_0 
    left join
        bici b1_0 
            on b1_0.id=v1_0.bic_id 
    left join
        ammortizzatore a1_0 
            on a1_0.id=b1_0.ammortizzatore 
    left join
        macchina m1_0 
            on m1_0.id=v1_0.macchina_id 
    left join
        marca m2_0 
            on m2_0.id=v1_0.id_code_marca 
    left join
        moto m3_0 
            on m3_0.id=v1_0.moto_id 
    left join
        tipo_alimentazione t1_0 
            on t1_0.id=v1_0.id_tipo_alimentazione 
    left join
        tipo_veicolo t2_0 
            on t2_0.id=v1_0.id_tipo_veicolo 
    where
        v1_0.id_code_colore=?
2024-07-12T11:05:58.332+02:00 DEBUG 12480 --- [projectJpaCar] [restartedMain] org.hibernate.SQL                        : 
    select
        tv1_0.id,
        tv1_0.descrizione,
        v1_0.id_tipo_veicolo,
        v1_0.id,
        b1_0.id,
        b1_0.ammortizzatore,
        b1_0.assistita,
        b1_0.pieghevole,
        c1_0.id,
        c1_0.descrizione,
        m1_0.id,
        m1_0.cilindrata,
        m1_0.numero_porte,
        m1_0.targa,
        m2_0.id,
        m2_0.descrizione,
        m3_0.id,
        m3_0.cilindrata,
        m3_0.targa,
        v1_0.numero_posti,
        v1_0.numero_ruote,
        t1_0.id,
        t1_0.descrizione 
    from
        tipo_veicolo tv1_0 
    left join
        veicolo v1_0 
            on tv1_0.id=v1_0.id_tipo_veicolo 
    left join
        bici b1_0 
            on b1_0.id=v1_0.bic_id 
    left join
        colore c1_0 
            on c1_0.id=v1_0.id_code_colore 
    left join
        macchina m1_0 
            on m1_0.id=v1_0.macchina_id 
    left join
        marca m2_0 
            on m2_0.id=v1_0.id_code_marca 
    left join
        moto m3_0 
            on m3_0.id=v1_0.moto_id 
    left join
        tipo_alimentazione t1_0 
            on t1_0.id=v1_0.id_tipo_alimentazione 
    where
        tv1_0.id=?
2024-07-12T11:05:58.349+02:00 DEBUG 12480 --- [projectJpaCar] [restartedMain] org.hibernate.SQL                        : 
    select
        a1_0.id,
        a1_0.descrizione,
        b1_0.ammortizzatore,
        b1_0.id,
        b1_0.assistita,
        b1_0.pieghevole,
        v1_0.id,
        v1_0.id_code_colore,
        v1_0.macchina_id,
        v1_0.id_code_marca,
        v1_0.moto_id,
        v1_0.numero_posti,
        v1_0.numero_ruote,
        v1_0.id_tipo_alimentazione,
        v1_0.id_tipo_veicolo 
    from
        ammortizzatore a1_0 
    left join
        bici b1_0 
            on a1_0.id=b1_0.ammortizzatore 
    left join
        veicolo v1_0 
            on b1_0.id=v1_0.bic_id 
    where
        a1_0.id=?
2024-07-12T11:05:58.380+02:00 DEBUG 12480 --- [projectJpaCar] [restartedMain] org.hibernate.SQL                        : 
    select
        v1_0.id_code_marca,
        v1_0.id,
        b1_0.id,
        a1_0.id,
        a1_0.descrizione,
        b1_0.assistita,
        b1_0.pieghevole,
        c1_0.id,
        c1_0.descrizione,
        m1_0.id,
        m1_0.cilindrata,
        m1_0.numero_porte,
        m1_0.targa,
        m3_0.id,
        m3_0.cilindrata,
        m3_0.targa,
        v1_0.numero_posti,
        v1_0.numero_ruote,
        t1_0.id,
        t1_0.descrizione,
        t2_0.id,
        t2_0.descrizione 
    from
        veicolo v1_0 
    left join
        bici b1_0 
            on b1_0.id=v1_0.bic_id 
    left join
        ammortizzatore a1_0 
            on a1_0.id=b1_0.ammortizzatore 
    left join
        colore c1_0 
            on c1_0.id=v1_0.id_code_colore 
    left join
        macchina m1_0 
            on m1_0.id=v1_0.macchina_id 
    left join
        moto m3_0 
            on m3_0.id=v1_0.moto_id 
    left join
        tipo_alimentazione t1_0 
            on t1_0.id=v1_0.id_tipo_alimentazione 
    left join
        tipo_veicolo t2_0 
            on t2_0.id=v1_0.id_tipo_veicolo 
    where
        v1_0.id_code_marca=?
2024-07-12T11:05:58.385+02:00 DEBUG 12480 --- [projectJpaCar] [restartedMain] org.hibernate.SQL                        : 
    select
        v1_0.id_code_colore,
        v1_0.id,
        b1_0.id,
        a1_0.id,
        a1_0.descrizione,
        b1_0.assistita,
        b1_0.pieghevole,
        m1_0.id,
        m1_0.cilindrata,
        m1_0.numero_porte,
        m1_0.targa,
        m2_0.id,
        m2_0.descrizione,
        m3_0.id,
        m3_0.cilindrata,
        m3_0.targa,
        v1_0.numero_posti,
        v1_0.numero_ruote,
        t1_0.id,
        t1_0.descrizione,
        t2_0.id,
        t2_0.descrizione 
    from
        veicolo v1_0 
    left join
        bici b1_0 
            on b1_0.id=v1_0.bic_id 
    left join
        ammortizzatore a1_0 
            on a1_0.id=b1_0.ammortizzatore 
    left join
        macchina m1_0 
            on m1_0.id=v1_0.macchina_id 
    left join
        marca m2_0 
            on m2_0.id=v1_0.id_code_marca 
    left join
        moto m3_0 
            on m3_0.id=v1_0.moto_id 
    left join
        tipo_alimentazione t1_0 
            on t1_0.id=v1_0.id_tipo_alimentazione 
    left join
        tipo_veicolo t2_0 
            on t2_0.id=v1_0.id_tipo_veicolo 
    where
        v1_0.id_code_colore=?
2024-07-12T11:05:58.399+02:00 DEBUG 12480 --- [projectJpaCar] [restartedMain] org.hibernate.SQL                        : 
    select
        v1_0.id_tipo_alimentazione,
        v1_0.id,
        b1_0.id,
        a1_0.id,
        a1_0.descrizione,
        b1_0.assistita,
        b1_0.pieghevole,
        c1_0.id,
        c1_0.descrizione,
        m1_0.id,
        m1_0.cilindrata,
        m1_0.numero_porte,
        m1_0.targa,
        m2_0.id,
        m2_0.descrizione,
        m3_0.id,
        m3_0.cilindrata,
        m3_0.targa,
        v1_0.numero_posti,
        v1_0.numero_ruote,
        t2_0.id,
        t2_0.descrizione 
    from
        veicolo v1_0 
    left join
        bici b1_0 
            on b1_0.id=v1_0.bic_id 
    left join
        ammortizzatore a1_0 
            on a1_0.id=b1_0.ammortizzatore 
    left join
        colore c1_0 
            on c1_0.id=v1_0.id_code_colore 
    left join
        macchina m1_0 
            on m1_0.id=v1_0.macchina_id 
    left join
        marca m2_0 
            on m2_0.id=v1_0.id_code_marca 
    left join
        moto m3_0 
            on m3_0.id=v1_0.moto_id 
    left join
        tipo_veicolo t2_0 
            on t2_0.id=v1_0.id_tipo_veicolo 
    where
        v1_0.id_tipo_alimentazione=?
2024-07-12T11:05:58.405+02:00 DEBUG 12480 --- [projectJpaCar] [restartedMain] org.hibernate.SQL                        : 
    select
        v1_0.id_code_marca,
        v1_0.id,
        b1_0.id,
        a1_0.id,
        a1_0.descrizione,
        b1_0.assistita,
        b1_0.pieghevole,
        c1_0.id,
        c1_0.descrizione,
        m1_0.id,
        m1_0.cilindrata,
        m1_0.numero_porte,
        m1_0.targa,
        m3_0.id,
        m3_0.cilindrata,
        m3_0.targa,
        v1_0.numero_posti,
        v1_0.numero_ruote,
        t1_0.id,
        t1_0.descrizione,
        t2_0.id,
        t2_0.descrizione 
    from
        veicolo v1_0 
    left join
        bici b1_0 
            on b1_0.id=v1_0.bic_id 
    left join
        ammortizzatore a1_0 
            on a1_0.id=b1_0.ammortizzatore 
    left join
        colore c1_0 
            on c1_0.id=v1_0.id_code_colore 
    left join
        macchina m1_0 
            on m1_0.id=v1_0.macchina_id 
    left join
        moto m3_0 
            on m3_0.id=v1_0.moto_id 
    left join
        tipo_alimentazione t1_0 
            on t1_0.id=v1_0.id_tipo_alimentazione 
    left join
        tipo_veicolo t2_0 
            on t2_0.id=v1_0.id_tipo_veicolo 
    where
        v1_0.id_code_marca=?
2024-07-12T11:05:58.419+02:00 DEBUG 12480 --- [projectJpaCar] [restartedMain] org.hibernate.SQL                        : 
    select
        v1_0.id_code_colore,
        v1_0.id,
        b1_0.id,
        a1_0.id,
        a1_0.descrizione,
        b1_0.assistita,
        b1_0.pieghevole,
        m1_0.id,
        m1_0.cilindrata,
        m1_0.numero_porte,
        m1_0.targa,
        m2_0.id,
        m2_0.descrizione,
        m3_0.id,
        m3_0.cilindrata,
        m3_0.targa,
        v1_0.numero_posti,
        v1_0.numero_ruote,
        t1_0.id,
        t1_0.descrizione,
        t2_0.id,
        t2_0.descrizione 
    from
        veicolo v1_0 
    left join
        bici b1_0 
            on b1_0.id=v1_0.bic_id 
    left join
        ammortizzatore a1_0 
            on a1_0.id=b1_0.ammortizzatore 
    left join
        macchina m1_0 
            on m1_0.id=v1_0.macchina_id 
    left join
        marca m2_0 
            on m2_0.id=v1_0.id_code_marca 
    left join
        moto m3_0 
            on m3_0.id=v1_0.moto_id 
    left join
        tipo_alimentazione t1_0 
            on t1_0.id=v1_0.id_tipo_alimentazione 
    left join
        tipo_veicolo t2_0 
            on t2_0.id=v1_0.id_tipo_veicolo 
    where
        v1_0.id_code_colore=?
2024-07-12T11:05:58.452+02:00 DEBUG 12480 --- [projectJpaCar] [restartedMain] org.hibernate.SQL                        : 
    select
        v1_0.id,
        b1_0.id,
        a1_0.id,
        a1_0.descrizione,
        b1_0.assistita,
        b1_0.pieghevole,
        c1_0.id,
        c1_0.descrizione,
        m1_0.id,
        m1_0.cilindrata,
        m1_0.numero_porte,
        m1_0.targa,
        m2_0.id,
        m2_0.descrizione,
        m3_0.id,
        m3_0.cilindrata,
        m3_0.targa,
        v1_0.numero_posti,
        v1_0.numero_ruote,
        t1_0.id,
        t1_0.descrizione,
        t2_0.id,
        t2_0.descrizione 
    from
        veicolo v1_0 
    left join
        bici b1_0 
            on b1_0.id=v1_0.bic_id 
    left join
        ammortizzatore a1_0 
            on a1_0.id=b1_0.ammortizzatore 
    left join
        colore c1_0 
            on c1_0.id=v1_0.id_code_colore 
    left join
        macchina m1_0 
            on m1_0.id=v1_0.macchina_id 
    left join
        marca m2_0 
            on m2_0.id=v1_0.id_code_marca 
    left join
        moto m3_0 
            on m3_0.id=v1_0.moto_id 
    left join
        tipo_alimentazione t1_0 
            on t1_0.id=v1_0.id_tipo_alimentazione 
    left join
        tipo_veicolo t2_0 
            on t2_0.id=v1_0.id_tipo_veicolo 
    where
        v1_0.id=?
2024-07-12T11:05:58.464+02:00 DEBUG 12480 --- [projectJpaCar] [restartedMain] org.hibernate.SQL                        : 
    select
        v1_0.id_tipo_veicolo,
        v1_0.id,
        b1_0.id,
        a1_0.id,
        a1_0.descrizione,
        b1_0.assistita,
        b1_0.pieghevole,
        c1_0.id,
        c1_0.descrizione,
        m1_0.id,
        m1_0.cilindrata,
        m1_0.numero_porte,
        m1_0.targa,
        m2_0.id,
        m2_0.descrizione,
        m3_0.id,
        m3_0.cilindrata,
        m3_0.targa,
        v1_0.numero_posti,
        v1_0.numero_ruote,
        t1_0.id,
        t1_0.descrizione 
    from
        veicolo v1_0 
    left join
        bici b1_0 
            on b1_0.id=v1_0.bic_id 
    left join
        ammortizzatore a1_0 
            on a1_0.id=b1_0.ammortizzatore 
    left join
        colore c1_0 
            on c1_0.id=v1_0.id_code_colore 
    left join
        macchina m1_0 
            on m1_0.id=v1_0.macchina_id 
    left join
        marca m2_0 
            on m2_0.id=v1_0.id_code_marca 
    left join
        moto m3_0 
            on m3_0.id=v1_0.moto_id 
    left join
        tipo_alimentazione t1_0 
            on t1_0.id=v1_0.id_tipo_alimentazione 
    where
        v1_0.id_tipo_veicolo=?
2024-07-12T11:05:58.471+02:00 DEBUG 12480 --- [projectJpaCar] [restartedMain] org.hibernate.SQL                        : 
    select
        v1_0.id_code_marca,
        v1_0.id,
        b1_0.id,
        a1_0.id,
        a1_0.descrizione,
        b1_0.assistita,
        b1_0.pieghevole,
        c1_0.id,
        c1_0.descrizione,
        m1_0.id,
        m1_0.cilindrata,
        m1_0.numero_porte,
        m1_0.targa,
        m3_0.id,
        m3_0.cilindrata,
        m3_0.targa,
        v1_0.numero_posti,
        v1_0.numero_ruote,
        t1_0.id,
        t1_0.descrizione,
        t2_0.id,
        t2_0.descrizione 
    from
        veicolo v1_0 
    left join
        bici b1_0 
            on b1_0.id=v1_0.bic_id 
    left join
        ammortizzatore a1_0 
            on a1_0.id=b1_0.ammortizzatore 
    left join
        colore c1_0 
            on c1_0.id=v1_0.id_code_colore 
    left join
        macchina m1_0 
            on m1_0.id=v1_0.macchina_id 
    left join
        moto m3_0 
            on m3_0.id=v1_0.moto_id 
    left join
        tipo_alimentazione t1_0 
            on t1_0.id=v1_0.id_tipo_alimentazione 
    left join
        tipo_veicolo t2_0 
            on t2_0.id=v1_0.id_tipo_veicolo 
    where
        v1_0.id_code_marca=?
2024-07-12T11:05:58.476+02:00 DEBUG 12480 --- [projectJpaCar] [restartedMain] org.hibernate.SQL                        : 
    select
        v1_0.id_code_colore,
        v1_0.id,
        b1_0.id,
        a1_0.id,
        a1_0.descrizione,
        b1_0.assistita,
        b1_0.pieghevole,
        m1_0.id,
        m1_0.cilindrata,
        m1_0.numero_porte,
        m1_0.targa,
        m2_0.id,
        m2_0.descrizione,
        m3_0.id,
        m3_0.cilindrata,
        m3_0.targa,
        v1_0.numero_posti,
        v1_0.numero_ruote,
        t1_0.id,
        t1_0.descrizione,
        t2_0.id,
        t2_0.descrizione 
    from
        veicolo v1_0 
    left join
        bici b1_0 
            on b1_0.id=v1_0.bic_id 
    left join
        ammortizzatore a1_0 
            on a1_0.id=b1_0.ammortizzatore 
    left join
        macchina m1_0 
            on m1_0.id=v1_0.macchina_id 
    left join
        marca m2_0 
            on m2_0.id=v1_0.id_code_marca 
    left join
        moto m3_0 
            on m3_0.id=v1_0.moto_id 
    left join
        tipo_alimentazione t1_0 
            on t1_0.id=v1_0.id_tipo_alimentazione 
    left join
        tipo_veicolo t2_0 
            on t2_0.id=v1_0.id_tipo_veicolo 
    where
        v1_0.id_code_colore=?
2024-07-12T11:05:58.480+02:00 DEBUG 12480 --- [projectJpaCar] [restartedMain] org.hibernate.SQL                        : 
    select
        b1_0.ammortizzatore,
        b1_0.id,
        b1_0.assistita,
        b1_0.pieghevole,
        v1_0.id,
        c1_0.id,
        c1_0.descrizione,
        m1_0.id,
        m1_0.cilindrata,
        m1_0.numero_porte,
        m1_0.targa,
        m2_0.id,
        m2_0.descrizione,
        m3_0.id,
        m3_0.cilindrata,
        m3_0.targa,
        v1_0.numero_posti,
        v1_0.numero_ruote,
        t1_0.id,
        t1_0.descrizione,
        t2_0.id,
        t2_0.descrizione 
    from
        bici b1_0 
    left join
        veicolo v1_0 
            on b1_0.id=v1_0.bic_id 
    left join
        colore c1_0 
            on c1_0.id=v1_0.id_code_colore 
    left join
        macchina m1_0 
            on m1_0.id=v1_0.macchina_id 
    left join
        marca m2_0 
            on m2_0.id=v1_0.id_code_marca 
    left join
        moto m3_0 
            on m3_0.id=v1_0.moto_id 
    left join
        tipo_alimentazione t1_0 
            on t1_0.id=v1_0.id_tipo_alimentazione 
    left join
        tipo_veicolo t2_0 
            on t2_0.id=v1_0.id_tipo_veicolo 
    where
        b1_0.ammortizzatore=?
2024-07-12T11:05:58.489+02:00 DEBUG 12480 --- [projectJpaCar] [restartedMain] org.hibernate.SQL                        : 
    select
        v1_0.id_tipo_alimentazione,
        v1_0.id,
        b1_0.id,
        a1_0.id,
        a1_0.descrizione,
        b1_0.assistita,
        b1_0.pieghevole,
        c1_0.id,
        c1_0.descrizione,
        m1_0.id,
        m1_0.cilindrata,
        m1_0.numero_porte,
        m1_0.targa,
        m2_0.id,
        m2_0.descrizione,
        m3_0.id,
        m3_0.cilindrata,
        m3_0.targa,
        v1_0.numero_posti,
        v1_0.numero_ruote,
        t2_0.id,
        t2_0.descrizione 
    from
        veicolo v1_0 
    left join
        bici b1_0 
            on b1_0.id=v1_0.bic_id 
    left join
        ammortizzatore a1_0 
            on a1_0.id=b1_0.ammortizzatore 
    left join
        colore c1_0 
            on c1_0.id=v1_0.id_code_colore 
    left join
        macchina m1_0 
            on m1_0.id=v1_0.macchina_id 
    left join
        marca m2_0 
            on m2_0.id=v1_0.id_code_marca 
    left join
        moto m3_0 
            on m3_0.id=v1_0.moto_id 
    left join
        tipo_veicolo t2_0 
            on t2_0.id=v1_0.id_tipo_veicolo 
    where
        v1_0.id_tipo_alimentazione=?
2024-07-12T11:05:58.494+02:00 DEBUG 12480 --- [projectJpaCar] [restartedMain] org.hibernate.SQL                        : 
    select
        v1_0.id_code_marca,
        v1_0.id,
        b1_0.id,
        a1_0.id,
        a1_0.descrizione,
        b1_0.assistita,
        b1_0.pieghevole,
        c1_0.id,
        c1_0.descrizione,
        m1_0.id,
        m1_0.cilindrata,
        m1_0.numero_porte,
        m1_0.targa,
        m3_0.id,
        m3_0.cilindrata,
        m3_0.targa,
        v1_0.numero_posti,
        v1_0.numero_ruote,
        t1_0.id,
        t1_0.descrizione,
        t2_0.id,
        t2_0.descrizione 
    from
        veicolo v1_0 
    left join
        bici b1_0 
            on b1_0.id=v1_0.bic_id 
    left join
        ammortizzatore a1_0 
            on a1_0.id=b1_0.ammortizzatore 
    left join
        colore c1_0 
            on c1_0.id=v1_0.id_code_colore 
    left join
        macchina m1_0 
            on m1_0.id=v1_0.macchina_id 
    left join
        moto m3_0 
            on m3_0.id=v1_0.moto_id 
    left join
        tipo_alimentazione t1_0 
            on t1_0.id=v1_0.id_tipo_alimentazione 
    left join
        tipo_veicolo t2_0 
            on t2_0.id=v1_0.id_tipo_veicolo 
    where
        v1_0.id_code_marca=?
2024-07-12T11:05:58.502+02:00 DEBUG 12480 --- [projectJpaCar] [restartedMain] org.hibernate.SQL                        : 
    select
        v1_0.id_code_colore,
        v1_0.id,
        b1_0.id,
        a1_0.id,
        a1_0.descrizione,
        b1_0.assistita,
        b1_0.pieghevole,
        m1_0.id,
        m1_0.cilindrata,
        m1_0.numero_porte,
        m1_0.targa,
        m2_0.id,
        m2_0.descrizione,
        m3_0.id,
        m3_0.cilindrata,
        m3_0.targa,
        v1_0.numero_posti,
        v1_0.numero_ruote,
        t1_0.id,
        t1_0.descrizione,
        t2_0.id,
        t2_0.descrizione 
    from
        veicolo v1_0 
    left join
        bici b1_0 
            on b1_0.id=v1_0.bic_id 
    left join
        ammortizzatore a1_0 
            on a1_0.id=b1_0.ammortizzatore 
    left join
        macchina m1_0 
            on m1_0.id=v1_0.macchina_id 
    left join
        marca m2_0 
            on m2_0.id=v1_0.id_code_marca 
    left join
        moto m3_0 
            on m3_0.id=v1_0.moto_id 
    left join
        tipo_alimentazione t1_0 
            on t1_0.id=v1_0.id_tipo_alimentazione 
    left join
        tipo_veicolo t2_0 
            on t2_0.id=v1_0.id_tipo_veicolo 
    where
        v1_0.id_code_colore=?
2024-07-12T11:05:58.543+02:00 DEBUG 12480 --- [projectJpaCar] [restartedMain] org.hibernate.SQL                        : 
    select
        m1_0.id,
        m1_0.cilindrata,
        m1_0.numero_porte,
        m1_0.targa,
        v1_0.id,
        b1_0.id,
        b1_0.ammortizzatore,
        b1_0.assistita,
        b1_0.pieghevole,
        c1_0.id,
        c1_0.descrizione,
        m2_0.id,
        m2_0.descrizione,
        m3_0.id,
        m3_0.cilindrata,
        m3_0.targa,
        v1_0.numero_posti,
        v1_0.numero_ruote,
        t1_0.id,
        t1_0.descrizione,
        t2_0.id,
        t2_0.descrizione 
    from
        macchina m1_0 
    left join
        veicolo v1_0 
            on m1_0.id=v1_0.macchina_id 
    left join
        bici b1_0 
            on b1_0.id=v1_0.bic_id 
    left join
        colore c1_0 
            on c1_0.id=v1_0.id_code_colore 
    left join
        marca m2_0 
            on m2_0.id=v1_0.id_code_marca 
    left join
        moto m3_0 
            on m3_0.id=v1_0.moto_id 
    left join
        tipo_alimentazione t1_0 
            on t1_0.id=v1_0.id_tipo_alimentazione 
    left join
        tipo_veicolo t2_0 
            on t2_0.id=v1_0.id_tipo_veicolo 
    where
        m1_0.id=?
2024-07-12T11:05:58.551+02:00 DEBUG 12480 --- [projectJpaCar] [restartedMain] org.hibernate.SQL                        : 
    select
        v1_0.id_tipo_veicolo,
        v1_0.id,
        b1_0.id,
        a1_0.id,
        a1_0.descrizione,
        b1_0.assistita,
        b1_0.pieghevole,
        c1_0.id,
        c1_0.descrizione,
        m1_0.id,
        m1_0.cilindrata,
        m1_0.numero_porte,
        m1_0.targa,
        m2_0.id,
        m2_0.descrizione,
        m3_0.id,
        m3_0.cilindrata,
        m3_0.targa,
        v1_0.numero_posti,
        v1_0.numero_ruote,
        t1_0.id,
        t1_0.descrizione 
    from
        veicolo v1_0 
    left join
        bici b1_0 
            on b1_0.id=v1_0.bic_id 
    left join
        ammortizzatore a1_0 
            on a1_0.id=b1_0.ammortizzatore 
    left join
        colore c1_0 
            on c1_0.id=v1_0.id_code_colore 
    left join
        macchina m1_0 
            on m1_0.id=v1_0.macchina_id 
    left join
        marca m2_0 
            on m2_0.id=v1_0.id_code_marca 
    left join
        moto m3_0 
            on m3_0.id=v1_0.moto_id 
    left join
        tipo_alimentazione t1_0 
            on t1_0.id=v1_0.id_tipo_alimentazione 
    where
        v1_0.id_tipo_veicolo=?
2024-07-12T11:05:58.555+02:00 DEBUG 12480 --- [projectJpaCar] [restartedMain] org.hibernate.SQL                        : 
    select
        v1_0.id_code_marca,
        v1_0.id,
        b1_0.id,
        a1_0.id,
        a1_0.descrizione,
        b1_0.assistita,
        b1_0.pieghevole,
        c1_0.id,
        c1_0.descrizione,
        m1_0.id,
        m1_0.cilindrata,
        m1_0.numero_porte,
        m1_0.targa,
        m3_0.id,
        m3_0.cilindrata,
        m3_0.targa,
        v1_0.numero_posti,
        v1_0.numero_ruote,
        t1_0.id,
        t1_0.descrizione,
        t2_0.id,
        t2_0.descrizione 
    from
        veicolo v1_0 
    left join
        bici b1_0 
            on b1_0.id=v1_0.bic_id 
    left join
        ammortizzatore a1_0 
            on a1_0.id=b1_0.ammortizzatore 
    left join
        colore c1_0 
            on c1_0.id=v1_0.id_code_colore 
    left join
        macchina m1_0 
            on m1_0.id=v1_0.macchina_id 
    left join
        moto m3_0 
            on m3_0.id=v1_0.moto_id 
    left join
        tipo_alimentazione t1_0 
            on t1_0.id=v1_0.id_tipo_alimentazione 
    left join
        tipo_veicolo t2_0 
            on t2_0.id=v1_0.id_tipo_veicolo 
    where
        v1_0.id_code_marca=?
2024-07-12T11:05:58.559+02:00 DEBUG 12480 --- [projectJpaCar] [restartedMain] org.hibernate.SQL                        : 
    select
        v1_0.id_code_colore,
        v1_0.id,
        b1_0.id,
        a1_0.id,
        a1_0.descrizione,
        b1_0.assistita,
        b1_0.pieghevole,
        m1_0.id,
        m1_0.cilindrata,
        m1_0.numero_porte,
        m1_0.targa,
        m2_0.id,
        m2_0.descrizione,
        m3_0.id,
        m3_0.cilindrata,
        m3_0.targa,
        v1_0.numero_posti,
        v1_0.numero_ruote,
        t1_0.id,
        t1_0.descrizione,
        t2_0.id,
        t2_0.descrizione 
    from
        veicolo v1_0 
    left join
        bici b1_0 
            on b1_0.id=v1_0.bic_id 
    left join
        ammortizzatore a1_0 
            on a1_0.id=b1_0.ammortizzatore 
    left join
        macchina m1_0 
            on m1_0.id=v1_0.macchina_id 
    left join
        marca m2_0 
            on m2_0.id=v1_0.id_code_marca 
    left join
        moto m3_0 
            on m3_0.id=v1_0.moto_id 
    left join
        tipo_alimentazione t1_0 
            on t1_0.id=v1_0.id_tipo_alimentazione 
    left join
        tipo_veicolo t2_0 
            on t2_0.id=v1_0.id_tipo_veicolo 
    where
        v1_0.id_code_colore=?
2024-07-12T11:05:58.566+02:00 DEBUG 12480 --- [projectJpaCar] [restartedMain] org.hibernate.SQL                        : 
    select
        b1_0.ammortizzatore,
        b1_0.id,
        b1_0.assistita,
        b1_0.pieghevole,
        v1_0.id,
        c1_0.id,
        c1_0.descrizione,
        m1_0.id,
        m1_0.cilindrata,
        m1_0.numero_porte,
        m1_0.targa,
        m2_0.id,
        m2_0.descrizione,
        m3_0.id,
        m3_0.cilindrata,
        m3_0.targa,
        v1_0.numero_posti,
        v1_0.numero_ruote,
        t1_0.id,
        t1_0.descrizione,
        t2_0.id,
        t2_0.descrizione 
    from
        bici b1_0 
    left join
        veicolo v1_0 
            on b1_0.id=v1_0.bic_id 
    left join
        colore c1_0 
            on c1_0.id=v1_0.id_code_colore 
    left join
        macchina m1_0 
            on m1_0.id=v1_0.macchina_id 
    left join
        marca m2_0 
            on m2_0.id=v1_0.id_code_marca 
    left join
        moto m3_0 
            on m3_0.id=v1_0.moto_id 
    left join
        tipo_alimentazione t1_0 
            on t1_0.id=v1_0.id_tipo_alimentazione 
    left join
        tipo_veicolo t2_0 
            on t2_0.id=v1_0.id_tipo_veicolo 
    where
        b1_0.ammortizzatore=?
2024-07-12T11:05:58.571+02:00 DEBUG 12480 --- [projectJpaCar] [restartedMain] org.hibernate.SQL                        : 
    select
        v1_0.id_tipo_alimentazione,
        v1_0.id,
        b1_0.id,
        a1_0.id,
        a1_0.descrizione,
        b1_0.assistita,
        b1_0.pieghevole,
        c1_0.id,
        c1_0.descrizione,
        m1_0.id,
        m1_0.cilindrata,
        m1_0.numero_porte,
        m1_0.targa,
        m2_0.id,
        m2_0.descrizione,
        m3_0.id,
        m3_0.cilindrata,
        m3_0.targa,
        v1_0.numero_posti,
        v1_0.numero_ruote,
        t2_0.id,
        t2_0.descrizione 
    from
        veicolo v1_0 
    left join
        bici b1_0 
            on b1_0.id=v1_0.bic_id 
    left join
        ammortizzatore a1_0 
            on a1_0.id=b1_0.ammortizzatore 
    left join
        colore c1_0 
            on c1_0.id=v1_0.id_code_colore 
    left join
        macchina m1_0 
            on m1_0.id=v1_0.macchina_id 
    left join
        marca m2_0 
            on m2_0.id=v1_0.id_code_marca 
    left join
        moto m3_0 
            on m3_0.id=v1_0.moto_id 
    left join
        tipo_veicolo t2_0 
            on t2_0.id=v1_0.id_tipo_veicolo 
    where
        v1_0.id_tipo_alimentazione=?
2024-07-12T11:05:58.576+02:00 DEBUG 12480 --- [projectJpaCar] [restartedMain] org.hibernate.SQL                        : 
    select
        v1_0.id_code_marca,
        v1_0.id,
        b1_0.id,
        a1_0.id,
        a1_0.descrizione,
        b1_0.assistita,
        b1_0.pieghevole,
        c1_0.id,
        c1_0.descrizione,
        m1_0.id,
        m1_0.cilindrata,
        m1_0.numero_porte,
        m1_0.targa,
        m3_0.id,
        m3_0.cilindrata,
        m3_0.targa,
        v1_0.numero_posti,
        v1_0.numero_ruote,
        t1_0.id,
        t1_0.descrizione,
        t2_0.id,
        t2_0.descrizione 
    from
        veicolo v1_0 
    left join
        bici b1_0 
            on b1_0.id=v1_0.bic_id 
    left join
        ammortizzatore a1_0 
            on a1_0.id=b1_0.ammortizzatore 
    left join
        colore c1_0 
            on c1_0.id=v1_0.id_code_colore 
    left join
        macchina m1_0 
            on m1_0.id=v1_0.macchina_id 
    left join
        moto m3_0 
            on m3_0.id=v1_0.moto_id 
    left join
        tipo_alimentazione t1_0 
            on t1_0.id=v1_0.id_tipo_alimentazione 
    left join
        tipo_veicolo t2_0 
            on t2_0.id=v1_0.id_tipo_veicolo 
    where
        v1_0.id_code_marca=?
2024-07-12T11:05:58.585+02:00 DEBUG 12480 --- [projectJpaCar] [restartedMain] org.hibernate.SQL                        : 
    select
        v1_0.id_code_colore,
        v1_0.id,
        b1_0.id,
        a1_0.id,
        a1_0.descrizione,
        b1_0.assistita,
        b1_0.pieghevole,
        m1_0.id,
        m1_0.cilindrata,
        m1_0.numero_porte,
        m1_0.targa,
        m2_0.id,
        m2_0.descrizione,
        m3_0.id,
        m3_0.cilindrata,
        m3_0.targa,
        v1_0.numero_posti,
        v1_0.numero_ruote,
        t1_0.id,
        t1_0.descrizione,
        t2_0.id,
        t2_0.descrizione 
    from
        veicolo v1_0 
    left join
        bici b1_0 
            on b1_0.id=v1_0.bic_id 
    left join
        ammortizzatore a1_0 
            on a1_0.id=b1_0.ammortizzatore 
    left join
        macchina m1_0 
            on m1_0.id=v1_0.macchina_id 
    left join
        marca m2_0 
            on m2_0.id=v1_0.id_code_marca 
    left join
        moto m3_0 
            on m3_0.id=v1_0.moto_id 
    left join
        tipo_alimentazione t1_0 
            on t1_0.id=v1_0.id_tipo_alimentazione 
    left join
        tipo_veicolo t2_0 
            on t2_0.id=v1_0.id_tipo_veicolo 
    where
        v1_0.id_code_colore=?
2024-07-12T11:05:58.605+02:00 DEBUG 12480 --- [projectJpaCar] [restartedMain] org.hibernate.SQL                        : 
    select
        m1_0.id,
        m1_0.cilindrata,
        m1_0.numero_porte,
        m1_0.targa,
        v1_0.id,
        b1_0.id,
        b1_0.ammortizzatore,
        b1_0.assistita,
        b1_0.pieghevole,
        c1_0.id,
        c1_0.descrizione,
        m2_0.id,
        m2_0.descrizione,
        m3_0.id,
        m3_0.cilindrata,
        m3_0.targa,
        v1_0.numero_posti,
        v1_0.numero_ruote,
        t1_0.id,
        t1_0.descrizione,
        t2_0.id,
        t2_0.descrizione 
    from
        macchina m1_0 
    left join
        veicolo v1_0 
            on m1_0.id=v1_0.macchina_id 
    left join
        bici b1_0 
            on b1_0.id=v1_0.bic_id 
    left join
        colore c1_0 
            on c1_0.id=v1_0.id_code_colore 
    left join
        marca m2_0 
            on m2_0.id=v1_0.id_code_marca 
    left join
        moto m3_0 
            on m3_0.id=v1_0.moto_id 
    left join
        tipo_alimentazione t1_0 
            on t1_0.id=v1_0.id_tipo_alimentazione 
    left join
        tipo_veicolo t2_0 
            on t2_0.id=v1_0.id_tipo_veicolo 
    where
        m1_0.id=?
2024-07-12T11:05:58.612+02:00 DEBUG 12480 --- [projectJpaCar] [restartedMain] org.hibernate.SQL                        : 
    select
        v1_0.id_tipo_veicolo,
        v1_0.id,
        b1_0.id,
        a1_0.id,
        a1_0.descrizione,
        b1_0.assistita,
        b1_0.pieghevole,
        c1_0.id,
        c1_0.descrizione,
        m1_0.id,
        m1_0.cilindrata,
        m1_0.numero_porte,
        m1_0.targa,
        m2_0.id,
        m2_0.descrizione,
        m3_0.id,
        m3_0.cilindrata,
        m3_0.targa,
        v1_0.numero_posti,
        v1_0.numero_ruote,
        t1_0.id,
        t1_0.descrizione 
    from
        veicolo v1_0 
    left join
        bici b1_0 
            on b1_0.id=v1_0.bic_id 
    left join
        ammortizzatore a1_0 
            on a1_0.id=b1_0.ammortizzatore 
    left join
        colore c1_0 
            on c1_0.id=v1_0.id_code_colore 
    left join
        macchina m1_0 
            on m1_0.id=v1_0.macchina_id 
    left join
        marca m2_0 
            on m2_0.id=v1_0.id_code_marca 
    left join
        moto m3_0 
            on m3_0.id=v1_0.moto_id 
    left join
        tipo_alimentazione t1_0 
            on t1_0.id=v1_0.id_tipo_alimentazione 
    where
        v1_0.id_tipo_veicolo=?
2024-07-12T11:05:58.623+02:00 DEBUG 12480 --- [projectJpaCar] [restartedMain] org.hibernate.SQL                        : 
    select
        v1_0.id_code_marca,
        v1_0.id,
        b1_0.id,
        a1_0.id,
        a1_0.descrizione,
        b1_0.assistita,
        b1_0.pieghevole,
        c1_0.id,
        c1_0.descrizione,
        m1_0.id,
        m1_0.cilindrata,
        m1_0.numero_porte,
        m1_0.targa,
        m3_0.id,
        m3_0.cilindrata,
        m3_0.targa,
        v1_0.numero_posti,
        v1_0.numero_ruote,
        t1_0.id,
        t1_0.descrizione,
        t2_0.id,
        t2_0.descrizione 
    from
        veicolo v1_0 
    left join
        bici b1_0 
            on b1_0.id=v1_0.bic_id 
    left join
        ammortizzatore a1_0 
            on a1_0.id=b1_0.ammortizzatore 
    left join
        colore c1_0 
            on c1_0.id=v1_0.id_code_colore 
    left join
        macchina m1_0 
            on m1_0.id=v1_0.macchina_id 
    left join
        moto m3_0 
            on m3_0.id=v1_0.moto_id 
    left join
        tipo_alimentazione t1_0 
            on t1_0.id=v1_0.id_tipo_alimentazione 
    left join
        tipo_veicolo t2_0 
            on t2_0.id=v1_0.id_tipo_veicolo 
    where
        v1_0.id_code_marca=?
2024-07-12T11:05:58.631+02:00 DEBUG 12480 --- [projectJpaCar] [restartedMain] org.hibernate.SQL                        : 
    select
        v1_0.id_code_colore,
        v1_0.id,
        b1_0.id,
        a1_0.id,
        a1_0.descrizione,
        b1_0.assistita,
        b1_0.pieghevole,
        m1_0.id,
        m1_0.cilindrata,
        m1_0.numero_porte,
        m1_0.targa,
        m2_0.id,
        m2_0.descrizione,
        m3_0.id,
        m3_0.cilindrata,
        m3_0.targa,
        v1_0.numero_posti,
        v1_0.numero_ruote,
        t1_0.id,
        t1_0.descrizione,
        t2_0.id,
        t2_0.descrizione 
    from
        veicolo v1_0 
    left join
        bici b1_0 
            on b1_0.id=v1_0.bic_id 
    left join
        ammortizzatore a1_0 
            on a1_0.id=b1_0.ammortizzatore 
    left join
        macchina m1_0 
            on m1_0.id=v1_0.macchina_id 
    left join
        marca m2_0 
            on m2_0.id=v1_0.id_code_marca 
    left join
        moto m3_0 
            on m3_0.id=v1_0.moto_id 
    left join
        tipo_alimentazione t1_0 
            on t1_0.id=v1_0.id_tipo_alimentazione 
    left join
        tipo_veicolo t2_0 
            on t2_0.id=v1_0.id_tipo_veicolo 
    where
        v1_0.id_code_colore=?
2024-07-12T11:05:58.646+02:00 DEBUG 12480 --- [projectJpaCar] [restartedMain] org.hibernate.SQL                        : 
    select
        b1_0.ammortizzatore,
        b1_0.id,
        b1_0.assistita,
        b1_0.pieghevole,
        v1_0.id,
        c1_0.id,
        c1_0.descrizione,
        m1_0.id,
        m1_0.cilindrata,
        m1_0.numero_porte,
        m1_0.targa,
        m2_0.id,
        m2_0.descrizione,
        m3_0.id,
        m3_0.cilindrata,
        m3_0.targa,
        v1_0.numero_posti,
        v1_0.numero_ruote,
        t1_0.id,
        t1_0.descrizione,
        t2_0.id,
        t2_0.descrizione 
    from
        bici b1_0 
    left join
        veicolo v1_0 
            on b1_0.id=v1_0.bic_id 
    left join
        colore c1_0 
            on c1_0.id=v1_0.id_code_colore 
    left join
        macchina m1_0 
            on m1_0.id=v1_0.macchina_id 
    left join
        marca m2_0 
            on m2_0.id=v1_0.id_code_marca 
    left join
        moto m3_0 
            on m3_0.id=v1_0.moto_id 
    left join
        tipo_alimentazione t1_0 
            on t1_0.id=v1_0.id_tipo_alimentazione 
    left join
        tipo_veicolo t2_0 
            on t2_0.id=v1_0.id_tipo_veicolo 
    where
        b1_0.ammortizzatore=?
2024-07-12T11:05:58.650+02:00 DEBUG 12480 --- [projectJpaCar] [restartedMain] org.hibernate.SQL                        : 
    select
        v1_0.id_tipo_alimentazione,
        v1_0.id,
        b1_0.id,
        a1_0.id,
        a1_0.descrizione,
        b1_0.assistita,
        b1_0.pieghevole,
        c1_0.id,
        c1_0.descrizione,
        m1_0.id,
        m1_0.cilindrata,
        m1_0.numero_porte,
        m1_0.targa,
        m2_0.id,
        m2_0.descrizione,
        m3_0.id,
        m3_0.cilindrata,
        m3_0.targa,
        v1_0.numero_posti,
        v1_0.numero_ruote,
        t2_0.id,
        t2_0.descrizione 
    from
        veicolo v1_0 
    left join
        bici b1_0 
            on b1_0.id=v1_0.bic_id 
    left join
        ammortizzatore a1_0 
            on a1_0.id=b1_0.ammortizzatore 
    left join
        colore c1_0 
            on c1_0.id=v1_0.id_code_colore 
    left join
        macchina m1_0 
            on m1_0.id=v1_0.macchina_id 
    left join
        marca m2_0 
            on m2_0.id=v1_0.id_code_marca 
    left join
        moto m3_0 
            on m3_0.id=v1_0.moto_id 
    left join
        tipo_veicolo t2_0 
            on t2_0.id=v1_0.id_tipo_veicolo 
    where
        v1_0.id_tipo_alimentazione=?
2024-07-12T11:05:58.654+02:00 DEBUG 12480 --- [projectJpaCar] [restartedMain] org.hibernate.SQL                        : 
    select
        v1_0.id_code_marca,
        v1_0.id,
        b1_0.id,
        a1_0.id,
        a1_0.descrizione,
        b1_0.assistita,
        b1_0.pieghevole,
        c1_0.id,
        c1_0.descrizione,
        m1_0.id,
        m1_0.cilindrata,
        m1_0.numero_porte,
        m1_0.targa,
        m3_0.id,
        m3_0.cilindrata,
        m3_0.targa,
        v1_0.numero_posti,
        v1_0.numero_ruote,
        t1_0.id,
        t1_0.descrizione,
        t2_0.id,
        t2_0.descrizione 
    from
        veicolo v1_0 
    left join
        bici b1_0 
            on b1_0.id=v1_0.bic_id 
    left join
        ammortizzatore a1_0 
            on a1_0.id=b1_0.ammortizzatore 
    left join
        colore c1_0 
            on c1_0.id=v1_0.id_code_colore 
    left join
        macchina m1_0 
            on m1_0.id=v1_0.macchina_id 
    left join
        moto m3_0 
            on m3_0.id=v1_0.moto_id 
    left join
        tipo_alimentazione t1_0 
            on t1_0.id=v1_0.id_tipo_alimentazione 
    left join
        tipo_veicolo t2_0 
            on t2_0.id=v1_0.id_tipo_veicolo 
    where
        v1_0.id_code_marca=?
2024-07-12T11:05:58.662+02:00 DEBUG 12480 --- [projectJpaCar] [restartedMain] org.hibernate.SQL                        : 
    select
        v1_0.id_code_colore,
        v1_0.id,
        b1_0.id,
        a1_0.id,
        a1_0.descrizione,
        b1_0.assistita,
        b1_0.pieghevole,
        m1_0.id,
        m1_0.cilindrata,
        m1_0.numero_porte,
        m1_0.targa,
        m2_0.id,
        m2_0.descrizione,
        m3_0.id,
        m3_0.cilindrata,
        m3_0.targa,
        v1_0.numero_posti,
        v1_0.numero_ruote,
        t1_0.id,
        t1_0.descrizione,
        t2_0.id,
        t2_0.descrizione 
    from
        veicolo v1_0 
    left join
        bici b1_0 
            on b1_0.id=v1_0.bic_id 
    left join
        ammortizzatore a1_0 
            on a1_0.id=b1_0.ammortizzatore 
    left join
        macchina m1_0 
            on m1_0.id=v1_0.macchina_id 
    left join
        marca m2_0 
            on m2_0.id=v1_0.id_code_marca 
    left join
        moto m3_0 
            on m3_0.id=v1_0.moto_id 
    left join
        tipo_alimentazione t1_0 
            on t1_0.id=v1_0.id_tipo_alimentazione 
    left join
        tipo_veicolo t2_0 
            on t2_0.id=v1_0.id_tipo_veicolo 
    where
        v1_0.id_code_colore=?
2024-07-12T11:05:58.681+02:00 DEBUG 12480 --- [projectJpaCar] [restartedMain] org.hibernate.SQL                        : 
    select
        v1_0.id,
        b1_0.id,
        a1_0.id,
        a1_0.descrizione,
        b1_0.assistita,
        b1_0.pieghevole,
        c1_0.id,
        c1_0.descrizione,
        m1_0.id,
        m1_0.cilindrata,
        m1_0.numero_porte,
        m1_0.targa,
        m2_0.id,
        m2_0.descrizione,
        m3_0.id,
        m3_0.cilindrata,
        m3_0.targa,
        v1_0.numero_posti,
        v1_0.numero_ruote,
        t1_0.id,
        t1_0.descrizione,
        t2_0.id,
        t2_0.descrizione 
    from
        veicolo v1_0 
    left join
        bici b1_0 
            on b1_0.id=v1_0.bic_id 
    left join
        ammortizzatore a1_0 
            on a1_0.id=b1_0.ammortizzatore 
    left join
        colore c1_0 
            on c1_0.id=v1_0.id_code_colore 
    left join
        macchina m1_0 
            on m1_0.id=v1_0.macchina_id 
    left join
        marca m2_0 
            on m2_0.id=v1_0.id_code_marca 
    left join
        moto m3_0 
            on m3_0.id=v1_0.moto_id 
    left join
        tipo_alimentazione t1_0 
            on t1_0.id=v1_0.id_tipo_alimentazione 
    left join
        tipo_veicolo t2_0 
            on t2_0.id=v1_0.id_tipo_veicolo 
    where
        v1_0.macchina_id=?
2024-07-12T11:05:58.720+02:00  INFO 12480 --- [projectJpaCar] [SpringApplicationShutdownHook] j.LocalContainerEntityManagerFactoryBean : Closing JPA EntityManagerFactory for persistence unit 'default'
2024-07-12T11:05:58.749+02:00  INFO 12480 --- [projectJpaCar] [SpringApplicationShutdownHook] com.zaxxer.hikari.HikariDataSource       : HikariPool-1 - Shutdown initiated...
2024-07-12T11:05:58.837+02:00  INFO 12480 --- [projectJpaCar] [SpringApplicationShutdownHook] com.zaxxer.hikari.HikariDataSource       : HikariPool-1 - Shutdown completed.
